
02/12/2016 22:02:37

Operating System
  Name                        = Ubuntu 16.04.1 LTS
  Version                     = 16.04
  Architecture                = 64bit
  # CPUs                      = 2
  Memory                      = 4042219520

Node.js
  Node.js Version             = 4.2.6
  npm Version                 = 3.10.9

Titanium CLI
  CLI Version                 = 5.0.10

Titanium SDK
  SDK Version                 = 4.1.0.GA
  SDK Path                    = /home/ribamar/.titanium/mobilesdk/linux/4.1.0.GA
  Target Platform             = android

Command
  /usr/bin/nodejs /usr/local/bin/ti build -p android -T device

[INFO]   Auto selecting device that closest matches 5.1.1
[DEBUG]  Searching for version >= 5.1.1 and has Google APIs
[DEBUG]  Searching for version >= 5.1.1 and may have Google APIs
[DEBUG]  Searching for version >= 5.1.1 and no Google APIs
[DEBUG]  Searching for version < 5.1.1 and has Google APIs
[DEBUG]  Searching for version < 5.1.1 and no Google APIs
[DEBUG]  Selecting first device
[INFO]   Auto selected device XT1033 4.4.3
[DEBUG]  Detecting modules in /home/ribamar/.titanium/modules
[DEBUG]  Detected android module: facebook 4.0.5 @ /home/ribamar/.titanium/modules/android/facebook/4.0.5
[DEBUG]  Detected android module: ti.cloudpush 3.3.8 @ /home/ribamar/.titanium/modules/android/ti.cloudpush/3.3.8
[DEBUG]  Detected android module: ti.map 2.3.1 @ /home/ribamar/.titanium/modules/android/ti.map/2.3.1
[DEBUG]  Detected commonjs module: ti.cloud 3.2.9 @ /home/ribamar/.titanium/modules/commonjs/ti.cloud/3.2.9
[DEBUG]  Detecting plugins in /home/ribamar/version-control/Titanium Projects/PROJETO_IGARASSU/plugins
[DEBUG]  Detected plugin: ti.alloy @ /home/ribamar/version-control/Titanium Projects/PROJETO_IGARASSU/plugins/ti.alloy
[DEBUG]  Looking for Titanium plugin id=ti.alloy version=1.0
[INFO]   Found Titanium plugin id=ti.alloy version=1.0 
[DEBUG]  Titanium SDK Android directory: /home/ribamar/.titanium/mobilesdk/linux/4.1.0.GA/android
[INFO]   Deploy type: test
[INFO]   Building for target: device
[INFO]   Building for device: 0422808963
[INFO]   Targeting Android SDK: 22
[INFO]   Building for the following architectures: armeabi, armeabi-v7a, x86
[INFO]   Signing with keystore: /home/ribamar/.titanium/mobilesdk/linux/4.1.0.GA/android/dev_keystore (tidev)
[DEBUG]  App ID: br.com.ribasoft
[DEBUG]  Classname: Projeto_igarassu
[INFO]   Debugging disabled
[INFO]   Profiler disabled
[INFO]   Forcing rebuild: JavaScript files need to be re-encrypted
[INFO]   Found Alloy app in /home/ribamar/version-control/Titanium Projects/PROJETO_IGARASSU/app
[INFO]   Executing Alloy compile: /usr/bin/node /usr/local/bin/alloy compile /home/ribamar/version-control/Titanium Projects/PROJETO_IGARASSU/app --config platform=android,version=0,simtype=none,devicefamily=none,deploytype=test,target=device
[DEBUG]         .__  .__                
[DEBUG]  _____  |  | |  |   ____ ___.__.
[DEBUG]  \__  \ |  | |  |  /  _ <   |  |
[DEBUG]   / __ \|  |_|  |_(  <_> )___  |
[DEBUG]  (____  /____/____/\____// ____|
[DEBUG]       \/                 \/
[DEBUG]  Alloy 1.9.4 by Appcelerator. The MVC app framework for Titanium.
[DEBUG]  
[DEBUG]  ----- CONFIGURATION -----
[DEBUG]  raw config = "platform=android,version=0,simtype=none,devicefamily=none,deploytype=test,target=device"
[DEBUG]  platform = android
[DEBUG]  version = 0
[DEBUG]  simtype = none
[DEBUG]  devicefamily = none
[DEBUG]  deploytype = test
[DEBUG]  target = device
[DEBUG]  project path = /home/ribamar/version-control/Titanium Projects/PROJETO_IGARASSU
[DEBUG]  app path = /home/ribamar/version-control/Titanium Projects/PROJETO_IGARASSU/app
[DEBUG]  
[DEBUG]  ----- CONFIG.JSON -----
[DEBUG]  dependencies = {}
[INFO]    [config.json] config.json unchanged, using cached config.json...
[DEBUG]  {
[DEBUG]    "dependencies": {},
[DEBUG]    "sourcemap": true,
[DEBUG]    "autoStyle": false,
[DEBUG]    "adapters": [
[DEBUG]      "localStorage",
[DEBUG]      "properties",
[DEBUG]      "sql"
[DEBUG]    ]
[DEBUG]  }
[DEBUG]  
[DEBUG]  ----- CLEANING RESOURCES -----
[DEBUG]  Removing orphaned controllers ...
[DEBUG]  Removing orphaned models ...
[TRACE]  * Place.js
[DEBUG]  Removing orphaned styles ...
[DEBUG]  Removing orphaned sync adapters...
[DEBUG]  Removing orphaned assets and libs...
[DEBUG]  
[DEBUG]  ----- BASE RUNTIME FILES -----
[TRACE]  SRC_DIR=/usr/local/lib/node_modules/alloy/Alloy/lib
[TRACE]  Copying SRC_DIR/alloy/sync/sql.js --> Resources/android/alloy/sync/sql.js
[TRACE]  Copying SRC_DIR/alloy/sync/properties.js --> Resources/android/alloy/sync/properties.js
[TRACE]  Copying SRC_DIR/alloy/sync/localStorage.js --> Resources/android/alloy/sync/localStorage.js
[TRACE]  Copying SRC_DIR/alloy/controllers/BaseController.js --> Resources/android/alloy/controllers/BaseController.js
[TRACE]  Copying SRC_DIR/alloy/widget.js --> Resources/android/alloy/widget.js
[TRACE]  Copying SRC_DIR/alloy/underscore.js --> Resources/android/alloy/underscore.js
[TRACE]  
[TRACE]  Generating ../Resources/android/alloy.js
[TRACE]  SRC_DIR=/usr/local/lib/node_modules/alloy/Alloy/common
[TRACE]  Copying SRC_DIR/constants.js --> Resources/android/alloy/constants.js
[TRACE]  
[TRACE]  SRC_DIR=/home/ribamar/version-control/Titanium Projects/PROJETO_IGARASSU/app/assets
[TRACE]  
[DEBUG]  Resetting /home/ribamar/version-control/Titanium Projects/PROJETO_IGARASSU/platform/android
[DEBUG]  
[DEBUG]  Resetting /home/ribamar/version-control/Titanium Projects/PROJETO_IGARASSU/i18n
[DEBUG]  Writing /home/ribamar/version-control/Titanium Projects/PROJETO_IGARASSU/i18n/en/strings.xml
[DEBUG]  Writing /home/ribamar/version-control/Titanium Projects/PROJETO_IGARASSU/i18n/pt-BR/strings.xml
[DEBUG]  
[INFO]   ----- MVC GENERATION -----
[INFO]   [global style] loading from cache...
[INFO]   [models/place.js] model processing...
[INFO]   [detailPlace.xml] view processing...
[INFO]     style:      "detailPlace.tss"
[INFO]     view:       "detailPlace.xml"
[WARN]   attribute "{name}" missed quot(")!!
[WARN]   @#[line:5,col:5]
[WARN]   attribute "{id}" missed quot(")!!
[WARN]   @#[line:5,col:5]
[INFO]     controller: "detailPlace.js"
[TRACE]  - Processing "builtins" module...
[TRACE]  - Processing "optimizer" module...
[TRACE]  - Processing "compress" module...
[INFO]     created:    "Resources/android/alloy/controllers/detailPlace.js"
[DEBUG]    map:        "build/map/Resources/android/alloy/controllers/detailPlace.js.map"
[INFO]     created:     "Resources/android/alloy/styles/detailPlace.js"
[INFO]   [index.xml] view processing...
[INFO]     style:      "index.tss"
[INFO]     view:       "index.xml"
[INFO]     controller: "index.js"
[TRACE]  - Processing "builtins" module...
[TRACE]  - Processing "optimizer" module...
[TRACE]  - Processing "compress" module...
[INFO]     created:    "Resources/android/alloy/controllers/index.js"
[DEBUG]    map:        "build/map/Resources/android/alloy/controllers/index.js.map"
[INFO]     created:     "Resources/android/alloy/styles/index.js"
[INFO]   [listPlace.xml] view processing...
[INFO]     style:      "listPlace.tss"
[INFO]     view:       "listPlace.xml"
[INFO]     controller: "listPlace.js"
[TRACE]  - Processing "builtins" module...
[TRACE]  - Processing "optimizer" module...
[TRACE]  - Processing "compress" module...
[INFO]     created:    "Resources/android/alloy/controllers/listPlace.js"
[DEBUG]    map:        "build/map/Resources/android/alloy/controllers/listPlace.js.map"
[INFO]     created:     "Resources/android/alloy/styles/listPlace.js"
[INFO]   
[INFO]   [app.js] using cached app.js...
[INFO]   
[INFO]   ----- OPTIMIZING -----
[INFO]   - android/alloy.js
[TRACE]    processing "builtins" module...
[TRACE]    processing "optimizer" module...
[TRACE]    processing "compress" module...
[INFO]   - android/alloy/models/Place.js
[TRACE]    processing "builtins" module...
[TRACE]    processing "optimizer" module...
[TRACE]    processing "compress" module...
[INFO]   - android/alloy/sync/localStorage.js
[TRACE]    processing "builtins" module...
[TRACE]    processing "optimizer" module...
[TRACE]    processing "compress" module...
[INFO]   - android/alloy/sync/properties.js
[TRACE]    processing "builtins" module...
[TRACE]    processing "optimizer" module...
[TRACE]    processing "compress" module...
[INFO]   - android/alloy/sync/sql.js
[TRACE]    processing "builtins" module...
[TRACE]    processing "optimizer" module...
[TRACE]    processing "compress" module...
[TRACE]   
[TRACE]  Benchmarking
[TRACE]  ------------
[TRACE]  [1.72515s] TOTAL
[INFO]   
[INFO]   Alloy compiled in 1.72515s
[INFO]   Alloy compiler completed successfully
[DEBUG]  Ignoring /home/ribamar/version-control/Titanium Projects/PROJETO_IGARASSU/Resources/android
[DEBUG]  Ignoring /home/ribamar/version-control/Titanium Projects/PROJETO_IGARASSU/Resources/mobileweb
[WARN]   Overwriting file /home/ribamar/version-control/Titanium Projects/PROJETO_IGARASSU/build/android/bin/assets/Resources/appicon.png
[DEBUG]  Symlinking /home/ribamar/version-control/Titanium Projects/PROJETO_IGARASSU/Resources/android/appicon.png => /home/ribamar/version-control/Titanium Projects/PROJETO_IGARASSU/build/android/bin/assets/Resources/appicon.png
[DEBUG]  Symlinking /home/ribamar/version-control/Titanium Projects/PROJETO_IGARASSU/Resources/android/default.png => /home/ribamar/version-control/Titanium Projects/PROJETO_IGARASSU/build/android/res/drawable/background.png
[DEBUG]  Symlinking /home/ribamar/version-control/Titanium Projects/PROJETO_IGARASSU/Resources/android/images/res-long-land-hdpi/default.png => /home/ribamar/version-control/Titanium Projects/PROJETO_IGARASSU/build/android/res/drawable-long-land-hdpi/background.png
[DEBUG]  Symlinking /home/ribamar/version-control/Titanium Projects/PROJETO_IGARASSU/Resources/android/images/res-long-land-ldpi/default.png => /home/ribamar/version-control/Titanium Projects/PROJETO_IGARASSU/build/android/res/drawable-long-land-ldpi/background.png
[DEBUG]  Symlinking /home/ribamar/version-control/Titanium Projects/PROJETO_IGARASSU/Resources/android/images/res-long-land-mdpi/default.png => /home/ribamar/version-control/Titanium Projects/PROJETO_IGARASSU/build/android/res/drawable-long-land-mdpi/background.png
[DEBUG]  Symlinking /home/ribamar/version-control/Titanium Projects/PROJETO_IGARASSU/Resources/android/images/res-long-port-hdpi/default.png => /home/ribamar/version-control/Titanium Projects/PROJETO_IGARASSU/build/android/res/drawable-long-port-hdpi/background.png
[DEBUG]  Symlinking /home/ribamar/version-control/Titanium Projects/PROJETO_IGARASSU/Resources/android/images/res-long-port-ldpi/default.png => /home/ribamar/version-control/Titanium Projects/PROJETO_IGARASSU/build/android/res/drawable-long-port-ldpi/background.png
[DEBUG]  Symlinking /home/ribamar/version-control/Titanium Projects/PROJETO_IGARASSU/Resources/android/images/res-notlong-land-hdpi/default.png => /home/ribamar/version-control/Titanium Projects/PROJETO_IGARASSU/build/android/res/drawable-notlong-land-hdpi/background.png
[DEBUG]  Symlinking /home/ribamar/version-control/Titanium Projects/PROJETO_IGARASSU/Resources/android/images/res-notlong-land-ldpi/default.png => /home/ribamar/version-control/Titanium Projects/PROJETO_IGARASSU/build/android/res/drawable-notlong-land-ldpi/background.png
[DEBUG]  Symlinking /home/ribamar/version-control/Titanium Projects/PROJETO_IGARASSU/Resources/android/images/res-notlong-land-mdpi/default.png => /home/ribamar/version-control/Titanium Projects/PROJETO_IGARASSU/build/android/res/drawable-notlong-land-mdpi/background.png
[DEBUG]  Symlinking /home/ribamar/version-control/Titanium Projects/PROJETO_IGARASSU/Resources/android/images/res-notlong-port-hdpi/default.png => /home/ribamar/version-control/Titanium Projects/PROJETO_IGARASSU/build/android/res/drawable-notlong-port-hdpi/background.png
[DEBUG]  Symlinking /home/ribamar/version-control/Titanium Projects/PROJETO_IGARASSU/Resources/android/images/res-notlong-port-ldpi/default.png => /home/ribamar/version-control/Titanium Projects/PROJETO_IGARASSU/build/android/res/drawable-notlong-port-ldpi/background.png
[DEBUG]  Symlinking /home/ribamar/version-control/Titanium Projects/PROJETO_IGARASSU/Resources/android/images/res-notlong-port-mdpi/default.png => /home/ribamar/version-control/Titanium Projects/PROJETO_IGARASSU/build/android/res/drawable-notlong-port-mdpi/background.png
[DEBUG]  Symlinking /home/ribamar/version-control/Titanium Projects/PROJETO_IGARASSU/platform/android/alloy_generated => /home/ribamar/version-control/Titanium Projects/PROJETO_IGARASSU/build/android/alloy_generated
[DEBUG]  Symlinking /home/ribamar/version-control/Titanium Projects/PROJETO_IGARASSU/build/android/bin/assets/Resources/appicon.png => /home/ribamar/version-control/Titanium Projects/PROJETO_IGARASSU/build/android/res/drawable/appicon.png
[INFO]   Processing JavaScript files
[DEBUG]  Copying and minifying /home/ribamar/version-control/Titanium Projects/PROJETO_IGARASSU/Resources/android/alloy/CFG.js => /home/ribamar/version-control/Titanium Projects/PROJETO_IGARASSU/build/android/assets/alloy/CFG.js
[DEBUG]  Copying and minifying /home/ribamar/version-control/Titanium Projects/PROJETO_IGARASSU/Resources/android/app.js => /home/ribamar/version-control/Titanium Projects/PROJETO_IGARASSU/build/android/assets/app.js
[DEBUG]  Copying and minifying /home/ribamar/version-control/Titanium Projects/PROJETO_IGARASSU/Resources/android/alloy/backbone.js => /home/ribamar/version-control/Titanium Projects/PROJETO_IGARASSU/build/android/assets/alloy/backbone.js
[DEBUG]  Copying and minifying /home/ribamar/version-control/Titanium Projects/PROJETO_IGARASSU/Resources/android/alloy/constants.js => /home/ribamar/version-control/Titanium Projects/PROJETO_IGARASSU/build/android/assets/alloy/constants.js
[DEBUG]  Copying and minifying /home/ribamar/version-control/Titanium Projects/PROJETO_IGARASSU/Resources/android/alloy/controllers/BaseController.js => /home/ribamar/version-control/Titanium Projects/PROJETO_IGARASSU/build/android/assets/alloy/controllers/BaseController.js
[DEBUG]  Copying and minifying /home/ribamar/version-control/Titanium Projects/PROJETO_IGARASSU/Resources/android/alloy/controllers/detailPlace.js => /home/ribamar/version-control/Titanium Projects/PROJETO_IGARASSU/build/android/assets/alloy/controllers/detailPlace.js
[DEBUG]  Copying and minifying /home/ribamar/version-control/Titanium Projects/PROJETO_IGARASSU/Resources/android/alloy/controllers/index.js => /home/ribamar/version-control/Titanium Projects/PROJETO_IGARASSU/build/android/assets/alloy/controllers/index.js
[DEBUG]  Copying and minifying /home/ribamar/version-control/Titanium Projects/PROJETO_IGARASSU/Resources/android/alloy/controllers/listPlace.js => /home/ribamar/version-control/Titanium Projects/PROJETO_IGARASSU/build/android/assets/alloy/controllers/listPlace.js
[DEBUG]  Copying and minifying /home/ribamar/version-control/Titanium Projects/PROJETO_IGARASSU/Resources/android/alloy/models/Place.js => /home/ribamar/version-control/Titanium Projects/PROJETO_IGARASSU/build/android/assets/alloy/models/Place.js
[DEBUG]  Copying and minifying /home/ribamar/version-control/Titanium Projects/PROJETO_IGARASSU/Resources/android/alloy/styles/detailPlace.js => /home/ribamar/version-control/Titanium Projects/PROJETO_IGARASSU/build/android/assets/alloy/styles/detailPlace.js
[DEBUG]  Copying and minifying /home/ribamar/version-control/Titanium Projects/PROJETO_IGARASSU/Resources/android/alloy/styles/index.js => /home/ribamar/version-control/Titanium Projects/PROJETO_IGARASSU/build/android/assets/alloy/styles/index.js
[DEBUG]  Copying and minifying /home/ribamar/version-control/Titanium Projects/PROJETO_IGARASSU/Resources/android/alloy/styles/listPlace.js => /home/ribamar/version-control/Titanium Projects/PROJETO_IGARASSU/build/android/assets/alloy/styles/listPlace.js
[DEBUG]  Copying and minifying /home/ribamar/version-control/Titanium Projects/PROJETO_IGARASSU/Resources/android/alloy/sync/localStorage.js => /home/ribamar/version-control/Titanium Projects/PROJETO_IGARASSU/build/android/assets/alloy/sync/localStorage.js
[DEBUG]  Copying and minifying /home/ribamar/version-control/Titanium Projects/PROJETO_IGARASSU/Resources/android/alloy/sync/properties.js => /home/ribamar/version-control/Titanium Projects/PROJETO_IGARASSU/build/android/assets/alloy/sync/properties.js
[DEBUG]  Copying and minifying /home/ribamar/version-control/Titanium Projects/PROJETO_IGARASSU/Resources/android/alloy/sync/sql.js => /home/ribamar/version-control/Titanium Projects/PROJETO_IGARASSU/build/android/assets/alloy/sync/sql.js
[DEBUG]  Copying and minifying /home/ribamar/version-control/Titanium Projects/PROJETO_IGARASSU/Resources/android/alloy/underscore.js => /home/ribamar/version-control/Titanium Projects/PROJETO_IGARASSU/build/android/assets/alloy/underscore.js
[DEBUG]  Copying and minifying /home/ribamar/version-control/Titanium Projects/PROJETO_IGARASSU/Resources/android/alloy/widget.js => /home/ribamar/version-control/Titanium Projects/PROJETO_IGARASSU/build/android/assets/alloy/widget.js
[DEBUG]  Copying and minifying /home/ribamar/version-control/Titanium Projects/PROJETO_IGARASSU/Resources/android/alloy.js => /home/ribamar/version-control/Titanium Projects/PROJETO_IGARASSU/build/android/assets/alloy.js
[INFO]   Encrypting JavaScript files: /home/ribamar/.titanium/mobilesdk/linux/4.1.0.GA/android/titanium_prep.linux64 "br.com.ribasoft" "/home/ribamar/version-control/Titanium Projects/PROJETO_IGARASSU/build/android/assets" "alloy/CFG.js" "app.js" "alloy/backbone.js" "alloy/constants.js" "alloy/controllers/BaseController.js" "alloy/controllers/detailPlace.js" "alloy/controllers/index.js" "alloy/controllers/listPlace.js" "alloy/models/Place.js" "alloy/styles/detailPlace.js" "alloy/styles/index.js" "alloy/styles/listPlace.js" "alloy/sync/localStorage.js" "alloy/sync/properties.js" "alloy/sync/sql.js" "alloy/underscore.js" "alloy/widget.js" "alloy.js" "_app_props_.json"
[DEBUG]  Adding library /home/ribamar/.titanium/mobilesdk/linux/4.1.0.GA/android/kroll-v8.jar
[DEBUG]  Adding library /home/ribamar/.titanium/mobilesdk/linux/4.1.0.GA/android/modules/titanium-analytics.jar
[DEBUG]  Adding dependency library /home/ribamar/.titanium/mobilesdk/linux/4.1.0.GA/android/aps-analytics.jar
[DEBUG]  Adding library /home/ribamar/.titanium/mobilesdk/linux/4.1.0.GA/android/modules/titanium-android.jar
[DEBUG]  Adding dependency library /home/ribamar/.titanium/mobilesdk/linux/4.1.0.GA/android/jaxen-1.1.1.jar
[DEBUG]  Adding dependency library /home/ribamar/.titanium/mobilesdk/linux/4.1.0.GA/android/ti-commons-codec-1.3.jar
[DEBUG]  Adding dependency library /home/ribamar/.titanium/mobilesdk/linux/4.1.0.GA/android/kroll-common.jar
[DEBUG]  Adding dependency library /home/ribamar/.titanium/mobilesdk/linux/4.1.0.GA/android/titanium.jar
[DEBUG]  Adding library /home/ribamar/.titanium/mobilesdk/linux/4.1.0.GA/android/modules/titanium-app.jar
[DEBUG]  Adding library /home/ribamar/.titanium/mobilesdk/linux/4.1.0.GA/android/modules/titanium-ui.jar
[DEBUG]  Adding dependency library /home/ribamar/.titanium/mobilesdk/linux/4.1.0.GA/android/nineoldandroids-appc-2.4.0.jar
[DEBUG]  Adding library /home/ribamar/.titanium/mobilesdk/linux/4.1.0.GA/android/modules/titanium-filesystem.jar
[DEBUG]  Adding library /home/ribamar/.titanium/mobilesdk/linux/4.1.0.GA/android/modules/titanium-media.jar
[DEBUG]  Adding library /home/ribamar/.titanium/mobilesdk/linux/4.1.0.GA/android/modules/titanium-appcompat.jar
[DEBUG]  Adding dependency library /home/ribamar/.titanium/mobilesdk/linux/4.1.0.GA/android/android-support-v4.jar
[DEBUG]  Adding dependency library /home/ribamar/.titanium/mobilesdk/linux/4.1.0.GA/android/android-support-v7-appcompat.jar
[DEBUG]  Adding library /home/ribamar/.titanium/mobilesdk/linux/4.1.0.GA/android/modules/titanium-locale.jar
[DEBUG]  Adding library /home/ribamar/.titanium/mobilesdk/linux/4.1.0.GA/android/modules/titanium-network.jar
[DEBUG]  Adding dependency library /home/ribamar/.titanium/mobilesdk/linux/4.1.0.GA/android/thirdparty.jar
[DEBUG]  Adding library /home/ribamar/.titanium/mobilesdk/linux/4.1.0.GA/android/modules/titanium-xml.jar
[DEBUG]  Adding library /home/ribamar/.titanium/mobilesdk/linux/4.1.0.GA/android/modules/titanium-platform.jar
[DEBUG]  Unknown namespace api, skipping
[DEBUG]  Adding library /home/ribamar/.titanium/mobilesdk/linux/4.1.0.GA/android/modules/titanium-database.jar
[DEBUG]  Unknown namespace platform.displaycaps, skipping
[INFO]   Writing /home/ribamar/version-control/Titanium Projects/PROJETO_IGARASSU/build/android/bin/assets/app.json
[INFO]   Extracting module resources: /home/ribamar/.titanium/mobilesdk/linux/4.1.0.GA/android/modules/titanium-analytics.res.zip
[DEBUG]  Copying /home/ribamar/tmp/116112-6841-jaec3h/res/values/strings.xml => /home/ribamar/version-control/Titanium Projects/PROJETO_IGARASSU/build/android/res/values/strings.xml
[INFO]   Extracting module resources: /home/ribamar/.titanium/mobilesdk/linux/4.1.0.GA/android/modules/titanium-android.res.zip
[DEBUG]  Merging /home/ribamar/tmp/116112-6841-1yt5ww9/res/values/strings.xml => /home/ribamar/version-control/Titanium Projects/PROJETO_IGARASSU/build/android/res/values/strings.xml
[INFO]   Extracting module resources: /home/ribamar/.titanium/mobilesdk/linux/4.1.0.GA/android/modules/titanium-app.res.zip
[DEBUG]  Merging /home/ribamar/tmp/116112-6841-1vjx9ax/res/values/strings.xml => /home/ribamar/version-control/Titanium Projects/PROJETO_IGARASSU/build/android/res/values/strings.xml
[INFO]   Extracting module resources: /home/ribamar/.titanium/mobilesdk/linux/4.1.0.GA/android/modules/titanium-filesystem.res.zip
[DEBUG]  Merging /home/ribamar/tmp/116112-6841-uc69mw/res/values/strings.xml => /home/ribamar/version-control/Titanium Projects/PROJETO_IGARASSU/build/android/res/values/strings.xml
[INFO]   Extracting module resources: /home/ribamar/.titanium/mobilesdk/linux/4.1.0.GA/android/modules/titanium-media.res.zip
[DEBUG]  Merging /home/ribamar/tmp/116112-6841-2bjlfv/res/values/strings.xml => /home/ribamar/version-control/Titanium Projects/PROJETO_IGARASSU/build/android/res/values/strings.xml
[INFO]   Extracting module resources: /home/ribamar/.titanium/mobilesdk/linux/4.1.0.GA/android/modules/titanium-locale.res.zip
[DEBUG]  Merging /home/ribamar/tmp/116112-6841-a01h6j/res/values/strings.xml => /home/ribamar/version-control/Titanium Projects/PROJETO_IGARASSU/build/android/res/values/strings.xml
[INFO]   Extracting module resources: /home/ribamar/.titanium/mobilesdk/linux/4.1.0.GA/android/modules/titanium-network.res.zip
[DEBUG]  Merging /home/ribamar/tmp/116112-6841-zsukbo/res/values/strings.xml => /home/ribamar/version-control/Titanium Projects/PROJETO_IGARASSU/build/android/res/values/strings.xml
[INFO]   Extracting module resources: /home/ribamar/.titanium/mobilesdk/linux/4.1.0.GA/android/modules/titanium-xml.res.zip
[DEBUG]  Merging /home/ribamar/tmp/116112-6841-s048n0/res/values/strings.xml => /home/ribamar/version-control/Titanium Projects/PROJETO_IGARASSU/build/android/res/values/strings.xml
[INFO]   Extracting module resources: /home/ribamar/.titanium/mobilesdk/linux/4.1.0.GA/android/modules/titanium-platform.res.zip
[DEBUG]  Merging /home/ribamar/tmp/116112-6841-2gx8ta/res/values/strings.xml => /home/ribamar/version-control/Titanium Projects/PROJETO_IGARASSU/build/android/res/values/strings.xml
[INFO]   Extracting module resources: /home/ribamar/.titanium/mobilesdk/linux/4.1.0.GA/android/modules/titanium-database.res.zip
[DEBUG]  Merging /home/ribamar/tmp/116112-6841-6xybas/res/values/strings.xml => /home/ribamar/version-control/Titanium Projects/PROJETO_IGARASSU/build/android/res/values/strings.xml
[DEBUG]  Removing old file: /home/ribamar/version-control/Titanium Projects/PROJETO_IGARASSU/build/android/.classpath
[DEBUG]  Removing old file: /home/ribamar/version-control/Titanium Projects/PROJETO_IGARASSU/build/android/.gitignore
[DEBUG]  Removing old file: /home/ribamar/version-control/Titanium Projects/PROJETO_IGARASSU/build/android/.project
[DEBUG]  Removing old file: /home/ribamar/version-control/Titanium Projects/PROJETO_IGARASSU/build/android/AndroidManifest.xml
[DEBUG]  Removing old file: /home/ribamar/version-control/Titanium Projects/PROJETO_IGARASSU/build/android/default.properties
[DEBUG]  Removing old file: /home/ribamar/version-control/Titanium Projects/PROJETO_IGARASSU/build/android/java-sources.txt
[DEBUG]  Copying template /home/ribamar/.titanium/mobilesdk/linux/4.1.0.GA/android/templates/build/AppInfo.java => /home/ribamar/version-control/Titanium Projects/PROJETO_IGARASSU/build/android/gen/br/com/ribasoft/Projeto_igarassuAppInfo.java
[DEBUG]  Copying template /home/ribamar/.titanium/mobilesdk/linux/4.1.0.GA/android/templates/build/App.java => /home/ribamar/version-control/Titanium Projects/PROJETO_IGARASSU/build/android/gen/br/com/ribasoft/Projeto_igarassuApplication.java
[DEBUG]  Copying template /home/ribamar/.titanium/mobilesdk/linux/4.1.0.GA/android/templates/build/Activity.java => /home/ribamar/version-control/Titanium Projects/PROJETO_IGARASSU/build/android/gen/br/com/ribasoft/Projeto_igarassuActivity.java
[DEBUG]  Copying template /home/ribamar/.titanium/mobilesdk/linux/4.1.0.GA/android/templates/build/project => /home/ribamar/version-control/Titanium Projects/PROJETO_IGARASSU/build/android/.project
[DEBUG]  Copying template /home/ribamar/.titanium/mobilesdk/linux/4.1.0.GA/android/templates/build/default.properties => /home/ribamar/version-control/Titanium Projects/PROJETO_IGARASSU/build/android/default.properties
[DEBUG]  Copying /home/ribamar/.titanium/mobilesdk/linux/4.1.0.GA/android/templates/build/gitignore => /home/ribamar/version-control/Titanium Projects/PROJETO_IGARASSU/build/android/.gitignore
[DEBUG]  Copying /home/ribamar/.titanium/mobilesdk/linux/4.1.0.GA/android/templates/build/classpath => /home/ribamar/version-control/Titanium Projects/PROJETO_IGARASSU/build/android/.classpath
[INFO]   No aidl files to compile, continuing
[INFO]   Generating i18n files
[INFO]   Compiling localization files
[DEBUG]  Processing i18n file: en/strings.xml
[DEBUG]  Processing i18n file: pt-BR/strings.xml
[DEBUG]  Merging en strings => /home/ribamar/version-control/Titanium Projects/PROJETO_IGARASSU/build/android/res/values/strings.xml
[DEBUG]  Writing pt-BR strings => /home/ribamar/version-control/Titanium Projects/PROJETO_IGARASSU/build/android/res/values-pt-rBR/strings.xml
[INFO]   Generating /home/ribamar/version-control/Titanium Projects/PROJETO_IGARASSU/build/android/res/values/theme.xml
[INFO]   Packaging application: /home/ribamar/Android/Sdk/build-tools/24.0.2/aapt "package" "-f" "-m" "-J" "/home/ribamar/version-control/Titanium Projects/PROJETO_IGARASSU/build/android/gen" "-M" "/home/ribamar/version-control/Titanium Projects/PROJETO_IGARASSU/build/android/AndroidManifest.xml" "-A" "/home/ribamar/version-control/Titanium Projects/PROJETO_IGARASSU/build/android/bin/assets" "-S" "/home/ribamar/version-control/Titanium Projects/PROJETO_IGARASSU/build/android/res" "-I" "/home/ribamar/Android/Sdk/platforms/android-22/android.jar" "-F" "/home/ribamar/version-control/Titanium Projects/PROJETO_IGARASSU/build/android/bin/app.ap_" "--auto-add-overlay" "--extra-packages" "ti.modules.titanium.ui:android.support.v7.appcompat" "-S" "/home/ribamar/tmp/116112-6841-sl4mq2/res" "-S" "/home/ribamar/tmp/116112-6841-eybczd/res"
[INFO]   Building Java source files: /usr/lib/jvm/java-8-oracle/bin/javac "-J-Xmx256M" "-encoding" "utf8" "-bootclasspath" "/home/ribamar/Android/Sdk/platforms/android-22/android.jar:/home/ribamar/.titanium/mobilesdk/linux/4.1.0.GA/android/kroll-v8.jar:/home/ribamar/.titanium/mobilesdk/linux/4.1.0.GA/android/modules/titanium-analytics.jar:/home/ribamar/.titanium/mobilesdk/linux/4.1.0.GA/android/aps-analytics.jar:/home/ribamar/.titanium/mobilesdk/linux/4.1.0.GA/android/modules/titanium-android.jar:/home/ribamar/.titanium/mobilesdk/linux/4.1.0.GA/android/jaxen-1.1.1.jar:/home/ribamar/.titanium/mobilesdk/linux/4.1.0.GA/android/ti-commons-codec-1.3.jar:/home/ribamar/.titanium/mobilesdk/linux/4.1.0.GA/android/kroll-common.jar:/home/ribamar/.titanium/mobilesdk/linux/4.1.0.GA/android/titanium.jar:/home/ribamar/.titanium/mobilesdk/linux/4.1.0.GA/android/modules/titanium-app.jar:/home/ribamar/.titanium/mobilesdk/linux/4.1.0.GA/android/modules/titanium-ui.jar:/home/ribamar/.titanium/mobilesdk/linux/4.1.0.GA/android/nineoldandroids-appc-2.4.0.jar:/home/ribamar/.titanium/mobilesdk/linux/4.1.0.GA/android/modules/titanium-filesystem.jar:/home/ribamar/.titanium/mobilesdk/linux/4.1.0.GA/android/modules/titanium-media.jar:/home/ribamar/.titanium/mobilesdk/linux/4.1.0.GA/android/modules/titanium-appcompat.jar:/home/ribamar/.titanium/mobilesdk/linux/4.1.0.GA/android/android-support-v4.jar:/home/ribamar/.titanium/mobilesdk/linux/4.1.0.GA/android/android-support-v7-appcompat.jar:/home/ribamar/.titanium/mobilesdk/linux/4.1.0.GA/android/modules/titanium-locale.jar:/home/ribamar/.titanium/mobilesdk/linux/4.1.0.GA/android/modules/titanium-network.jar:/home/ribamar/.titanium/mobilesdk/linux/4.1.0.GA/android/thirdparty.jar:/home/ribamar/.titanium/mobilesdk/linux/4.1.0.GA/android/modules/titanium-xml.jar:/home/ribamar/.titanium/mobilesdk/linux/4.1.0.GA/android/modules/titanium-platform.jar:/home/ribamar/.titanium/mobilesdk/linux/4.1.0.GA/android/modules/titanium-database.jar:/home/ribamar/.titanium/mobilesdk/linux/4.1.0.GA/android/lib/titanium-verify.jar:R.class:ApplicationStylesheet.class:AssetCryptImpl.class:Projeto_igarassuActivity.class:Projeto_igarassuAppInfo.class:Projeto_igarassuApplication.class" "-d" "/home/ribamar/version-control/Titanium Projects/PROJETO_IGARASSU/build/android/bin/classes" "-proc:none" "-target" "1.6" "-source" "1.6" "@/home/ribamar/version-control/Titanium Projects/PROJETO_IGARASSU/build/android/java-sources.txt"
[INFO]   Running dexer: /usr/lib/jvm/java-8-openjdk-amd64/jre/bin/java "-Xmx1024M" "-XX:-UseGCOverheadLimit" "-Djava.ext.dirs=/home/ribamar/Android/Sdk/platform-tools" "-jar" "/home/ribamar/Android/Sdk/build-tools/24.0.2/lib/dx.jar" "--dex" "--output=/home/ribamar/version-control/Titanium Projects/PROJETO_IGARASSU/build/android/bin/classes.dex" "/home/ribamar/version-control/Titanium Projects/PROJETO_IGARASSU/build/android/bin/classes" "/home/ribamar/.titanium/mobilesdk/linux/4.1.0.GA/android/lib/titanium-verify.jar" "/home/ribamar/.titanium/mobilesdk/linux/4.1.0.GA/android/kroll-v8.jar" "/home/ribamar/.titanium/mobilesdk/linux/4.1.0.GA/android/modules/titanium-analytics.jar" "/home/ribamar/.titanium/mobilesdk/linux/4.1.0.GA/android/aps-analytics.jar" "/home/ribamar/.titanium/mobilesdk/linux/4.1.0.GA/android/modules/titanium-android.jar" "/home/ribamar/.titanium/mobilesdk/linux/4.1.0.GA/android/jaxen-1.1.1.jar" "/home/ribamar/.titanium/mobilesdk/linux/4.1.0.GA/android/ti-commons-codec-1.3.jar" "/home/ribamar/.titanium/mobilesdk/linux/4.1.0.GA/android/kroll-common.jar" "/home/ribamar/.titanium/mobilesdk/linux/4.1.0.GA/android/titanium.jar" "/home/ribamar/.titanium/mobilesdk/linux/4.1.0.GA/android/modules/titanium-app.jar" "/home/ribamar/.titanium/mobilesdk/linux/4.1.0.GA/android/modules/titanium-ui.jar" "/home/ribamar/.titanium/mobilesdk/linux/4.1.0.GA/android/nineoldandroids-appc-2.4.0.jar" "/home/ribamar/.titanium/mobilesdk/linux/4.1.0.GA/android/modules/titanium-filesystem.jar" "/home/ribamar/.titanium/mobilesdk/linux/4.1.0.GA/android/modules/titanium-media.jar" "/home/ribamar/.titanium/mobilesdk/linux/4.1.0.GA/android/modules/titanium-appcompat.jar" "/home/ribamar/.titanium/mobilesdk/linux/4.1.0.GA/android/android-support-v4.jar" "/home/ribamar/.titanium/mobilesdk/linux/4.1.0.GA/android/android-support-v7-appcompat.jar" "/home/ribamar/.titanium/mobilesdk/linux/4.1.0.GA/android/modules/titanium-locale.jar" "/home/ribamar/.titanium/mobilesdk/linux/4.1.0.GA/android/modules/titanium-network.jar" "/home/ribamar/.titanium/mobilesdk/linux/4.1.0.GA/android/thirdparty.jar" "/home/ribamar/.titanium/mobilesdk/linux/4.1.0.GA/android/modules/titanium-xml.jar" "/home/ribamar/.titanium/mobilesdk/linux/4.1.0.GA/android/modules/titanium-platform.jar" "/home/ribamar/.titanium/mobilesdk/linux/4.1.0.GA/android/modules/titanium-database.jar"
[INFO]   Creating unsigned apk
[DEBUG]  Processing /home/ribamar/version-control/Titanium Projects/PROJETO_IGARASSU/build/android/bin/app.ap_
[DEBUG]  Deflating AndroidManifest.xml
[DEBUG]  Adding assets/Resources/appicon.png
[DEBUG]  Deflating assets/app.json
[DEBUG]  Deflating assets/index.json
[DEBUG]  Deflating res/anim/abc_fade_in.xml
[DEBUG]  Deflating res/anim/abc_fade_out.xml
[DEBUG]  Deflating res/anim/abc_grow_fade_in_from_bottom.xml
[DEBUG]  Deflating res/anim/abc_popup_enter.xml
[DEBUG]  Deflating res/anim/abc_popup_exit.xml
[DEBUG]  Deflating res/anim/abc_shrink_fade_out_from_bottom.xml
[DEBUG]  Deflating res/anim/abc_slide_in_bottom.xml
[DEBUG]  Deflating res/anim/abc_slide_in_top.xml
[DEBUG]  Deflating res/anim/abc_slide_out_bottom.xml
[DEBUG]  Deflating res/anim/abc_slide_out_top.xml
[DEBUG]  Deflating res/color-v11/abc_background_cache_hint_selector_material_dark.xml
[DEBUG]  Deflating res/color-v11/abc_background_cache_hint_selector_material_light.xml
[DEBUG]  Deflating res/color/abc_background_cache_hint_selector_material_dark.xml
[DEBUG]  Deflating res/color/abc_background_cache_hint_selector_material_light.xml
[DEBUG]  Deflating res/color/abc_primary_text_disable_only_material_dark.xml
[DEBUG]  Deflating res/color/abc_primary_text_disable_only_material_light.xml
[DEBUG]  Deflating res/color/abc_primary_text_material_dark.xml
[DEBUG]  Deflating res/color/abc_primary_text_material_light.xml
[DEBUG]  Deflating res/color/abc_search_url_text.xml
[DEBUG]  Deflating res/color/abc_secondary_text_material_dark.xml
[DEBUG]  Deflating res/color/abc_secondary_text_material_light.xml
[DEBUG]  Deflating res/color/switch_thumb_material_dark.xml
[DEBUG]  Deflating res/color/switch_thumb_material_light.xml
[DEBUG]  Adding res/drawable-hdpi-v4/abc_ab_share_pack_mtrl_alpha.9.png
[DEBUG]  Adding res/drawable-hdpi-v4/abc_btn_check_to_on_mtrl_000.png
[DEBUG]  Adding res/drawable-hdpi-v4/abc_btn_check_to_on_mtrl_015.png
[DEBUG]  Adding res/drawable-hdpi-v4/abc_btn_radio_to_on_mtrl_000.png
[DEBUG]  Adding res/drawable-hdpi-v4/abc_btn_radio_to_on_mtrl_015.png
[DEBUG]  Adding res/drawable-hdpi-v4/abc_btn_rating_star_off_mtrl_alpha.png
[DEBUG]  Adding res/drawable-hdpi-v4/abc_btn_rating_star_on_mtrl_alpha.png
[DEBUG]  Adding res/drawable-hdpi-v4/abc_btn_switch_to_on_mtrl_00001.9.png
[DEBUG]  Adding res/drawable-hdpi-v4/abc_btn_switch_to_on_mtrl_00012.9.png
[DEBUG]  Adding res/drawable-hdpi-v4/abc_cab_background_top_mtrl_alpha.9.png
[DEBUG]  Adding res/drawable-hdpi-v4/abc_ic_ab_back_mtrl_am_alpha.png
[DEBUG]  Adding res/drawable-hdpi-v4/abc_ic_clear_mtrl_alpha.png
[DEBUG]  Adding res/drawable-hdpi-v4/abc_ic_commit_search_api_mtrl_alpha.png
[DEBUG]  Adding res/drawable-hdpi-v4/abc_ic_go_search_api_mtrl_alpha.png
[DEBUG]  Adding res/drawable-hdpi-v4/abc_ic_menu_copy_mtrl_am_alpha.png
[DEBUG]  Adding res/drawable-hdpi-v4/abc_ic_menu_cut_mtrl_alpha.png
[DEBUG]  Adding res/drawable-hdpi-v4/abc_ic_menu_moreoverflow_mtrl_alpha.png
[DEBUG]  Adding res/drawable-hdpi-v4/abc_ic_menu_paste_mtrl_am_alpha.png
[DEBUG]  Adding res/drawable-hdpi-v4/abc_ic_menu_selectall_mtrl_alpha.png
[DEBUG]  Adding res/drawable-hdpi-v4/abc_ic_menu_share_mtrl_alpha.png
[DEBUG]  Adding res/drawable-hdpi-v4/abc_ic_search_api_mtrl_alpha.png
[DEBUG]  Adding res/drawable-hdpi-v4/abc_ic_voice_search_api_mtrl_alpha.png
[DEBUG]  Adding res/drawable-hdpi-v4/abc_list_divider_mtrl_alpha.9.png
[DEBUG]  Adding res/drawable-hdpi-v4/abc_list_focused_holo.9.png
[DEBUG]  Adding res/drawable-hdpi-v4/abc_list_longpressed_holo.9.png
[DEBUG]  Adding res/drawable-hdpi-v4/abc_list_pressed_holo_dark.9.png
[DEBUG]  Adding res/drawable-hdpi-v4/abc_list_pressed_holo_light.9.png
[DEBUG]  Adding res/drawable-hdpi-v4/abc_list_selector_disabled_holo_dark.9.png
[DEBUG]  Adding res/drawable-hdpi-v4/abc_list_selector_disabled_holo_light.9.png
[DEBUG]  Adding res/drawable-hdpi-v4/abc_menu_hardkey_panel_mtrl_mult.9.png
[DEBUG]  Adding res/drawable-hdpi-v4/abc_popup_background_mtrl_mult.9.png
[DEBUG]  Adding res/drawable-hdpi-v4/abc_spinner_mtrl_am_alpha.9.png
[DEBUG]  Adding res/drawable-hdpi-v4/abc_switch_track_mtrl_alpha.9.png
[DEBUG]  Adding res/drawable-hdpi-v4/abc_tab_indicator_mtrl_alpha.9.png
[DEBUG]  Adding res/drawable-hdpi-v4/abc_text_cursor_mtrl_alpha.9.png
[DEBUG]  Adding res/drawable-hdpi-v4/abc_textfield_activated_mtrl_alpha.9.png
[DEBUG]  Adding res/drawable-hdpi-v4/abc_textfield_default_mtrl_alpha.9.png
[DEBUG]  Adding res/drawable-hdpi-v4/abc_textfield_search_activated_mtrl_alpha.9.png
[DEBUG]  Adding res/drawable-hdpi-v4/abc_textfield_search_default_mtrl_alpha.9.png
[DEBUG]  Adding res/drawable-ldrtl-hdpi-v4/abc_ic_ab_back_mtrl_am_alpha.png
[DEBUG]  Adding res/drawable-ldrtl-hdpi-v4/abc_ic_menu_copy_mtrl_am_alpha.png
[DEBUG]  Adding res/drawable-ldrtl-hdpi-v4/abc_ic_menu_cut_mtrl_alpha.png
[DEBUG]  Adding res/drawable-ldrtl-hdpi-v4/abc_spinner_mtrl_am_alpha.9.png
[DEBUG]  Adding res/drawable-ldrtl-mdpi-v4/abc_ic_ab_back_mtrl_am_alpha.png
[DEBUG]  Adding res/drawable-ldrtl-mdpi-v4/abc_ic_menu_copy_mtrl_am_alpha.png
[DEBUG]  Adding res/drawable-ldrtl-mdpi-v4/abc_ic_menu_cut_mtrl_alpha.png
[DEBUG]  Adding res/drawable-ldrtl-mdpi-v4/abc_spinner_mtrl_am_alpha.9.png
[DEBUG]  Adding res/drawable-ldrtl-xhdpi-v4/abc_ic_ab_back_mtrl_am_alpha.png
[DEBUG]  Adding res/drawable-ldrtl-xhdpi-v4/abc_ic_menu_copy_mtrl_am_alpha.png
[DEBUG]  Adding res/drawable-ldrtl-xhdpi-v4/abc_ic_menu_cut_mtrl_alpha.png
[DEBUG]  Adding res/drawable-ldrtl-xhdpi-v4/abc_spinner_mtrl_am_alpha.9.png
[DEBUG]  Adding res/drawable-ldrtl-xxhdpi-v4/abc_ic_ab_back_mtrl_am_alpha.png
[DEBUG]  Adding res/drawable-ldrtl-xxhdpi-v4/abc_ic_menu_copy_mtrl_am_alpha.png
[DEBUG]  Adding res/drawable-ldrtl-xxhdpi-v4/abc_ic_menu_cut_mtrl_alpha.png
[DEBUG]  Adding res/drawable-ldrtl-xxhdpi-v4/abc_spinner_mtrl_am_alpha.9.png
[DEBUG]  Adding res/drawable-ldrtl-xxxhdpi-v4/abc_ic_ab_back_mtrl_am_alpha.png
[DEBUG]  Adding res/drawable-ldrtl-xxxhdpi-v4/abc_ic_menu_copy_mtrl_am_alpha.png
[DEBUG]  Adding res/drawable-ldrtl-xxxhdpi-v4/abc_ic_menu_cut_mtrl_alpha.png
[DEBUG]  Adding res/drawable-ldrtl-xxxhdpi-v4/abc_spinner_mtrl_am_alpha.9.png
[DEBUG]  Adding res/drawable-long-land-hdpi-v4/background.png
[DEBUG]  Adding res/drawable-long-land-ldpi-v4/background.png
[DEBUG]  Adding res/drawable-long-land-mdpi-v4/background.png
[DEBUG]  Adding res/drawable-long-port-hdpi-v4/background.png
[DEBUG]  Adding res/drawable-long-port-ldpi-v4/background.png
[DEBUG]  Adding res/drawable-mdpi-v4/abc_ab_share_pack_mtrl_alpha.9.png
[DEBUG]  Adding res/drawable-mdpi-v4/abc_btn_check_to_on_mtrl_000.png
[DEBUG]  Adding res/drawable-mdpi-v4/abc_btn_check_to_on_mtrl_015.png
[DEBUG]  Adding res/drawable-mdpi-v4/abc_btn_radio_to_on_mtrl_000.png
[DEBUG]  Adding res/drawable-mdpi-v4/abc_btn_radio_to_on_mtrl_015.png
[DEBUG]  Adding res/drawable-mdpi-v4/abc_btn_rating_star_off_mtrl_alpha.png
[DEBUG]  Adding res/drawable-mdpi-v4/abc_btn_rating_star_on_mtrl_alpha.png
[DEBUG]  Adding res/drawable-mdpi-v4/abc_btn_switch_to_on_mtrl_00001.9.png
[DEBUG]  Adding res/drawable-mdpi-v4/abc_btn_switch_to_on_mtrl_00012.9.png
[DEBUG]  Adding res/drawable-mdpi-v4/abc_cab_background_top_mtrl_alpha.9.png
[DEBUG]  Adding res/drawable-mdpi-v4/abc_ic_ab_back_mtrl_am_alpha.png
[DEBUG]  Adding res/drawable-mdpi-v4/abc_ic_clear_mtrl_alpha.png
[DEBUG]  Adding res/drawable-mdpi-v4/abc_ic_commit_search_api_mtrl_alpha.png
[DEBUG]  Adding res/drawable-mdpi-v4/abc_ic_go_search_api_mtrl_alpha.png
[DEBUG]  Adding res/drawable-mdpi-v4/abc_ic_menu_copy_mtrl_am_alpha.png
[DEBUG]  Adding res/drawable-mdpi-v4/abc_ic_menu_cut_mtrl_alpha.png
[DEBUG]  Adding res/drawable-mdpi-v4/abc_ic_menu_moreoverflow_mtrl_alpha.png
[DEBUG]  Adding res/drawable-mdpi-v4/abc_ic_menu_paste_mtrl_am_alpha.png
[DEBUG]  Adding res/drawable-mdpi-v4/abc_ic_menu_selectall_mtrl_alpha.png
[DEBUG]  Adding res/drawable-mdpi-v4/abc_ic_menu_share_mtrl_alpha.png
[DEBUG]  Adding res/drawable-mdpi-v4/abc_ic_search_api_mtrl_alpha.png
[DEBUG]  Adding res/drawable-mdpi-v4/abc_ic_voice_search_api_mtrl_alpha.png
[DEBUG]  Adding res/drawable-mdpi-v4/abc_list_divider_mtrl_alpha.9.png
[DEBUG]  Adding res/drawable-mdpi-v4/abc_list_focused_holo.9.png
[DEBUG]  Adding res/drawable-mdpi-v4/abc_list_longpressed_holo.9.png
[DEBUG]  Adding res/drawable-mdpi-v4/abc_list_pressed_holo_dark.9.png
[DEBUG]  Adding res/drawable-mdpi-v4/abc_list_pressed_holo_light.9.png
[DEBUG]  Adding res/drawable-mdpi-v4/abc_list_selector_disabled_holo_dark.9.png
[DEBUG]  Adding res/drawable-mdpi-v4/abc_list_selector_disabled_holo_light.9.png
[DEBUG]  Adding res/drawable-mdpi-v4/abc_menu_hardkey_panel_mtrl_mult.9.png
[DEBUG]  Adding res/drawable-mdpi-v4/abc_popup_background_mtrl_mult.9.png
[DEBUG]  Adding res/drawable-mdpi-v4/abc_spinner_mtrl_am_alpha.9.png
[DEBUG]  Adding res/drawable-mdpi-v4/abc_switch_track_mtrl_alpha.9.png
[DEBUG]  Adding res/drawable-mdpi-v4/abc_tab_indicator_mtrl_alpha.9.png
[DEBUG]  Adding res/drawable-mdpi-v4/abc_text_cursor_mtrl_alpha.9.png
[DEBUG]  Adding res/drawable-mdpi-v4/abc_textfield_activated_mtrl_alpha.9.png
[DEBUG]  Adding res/drawable-mdpi-v4/abc_textfield_default_mtrl_alpha.9.png
[DEBUG]  Adding res/drawable-mdpi-v4/abc_textfield_search_activated_mtrl_alpha.9.png
[DEBUG]  Adding res/drawable-mdpi-v4/abc_textfield_search_default_mtrl_alpha.9.png
[DEBUG]  Adding res/drawable-notlong-land-hdpi-v4/background.png
[DEBUG]  Adding res/drawable-notlong-land-ldpi-v4/background.png
[DEBUG]  Adding res/drawable-notlong-land-mdpi-v4/background.png
[DEBUG]  Adding res/drawable-notlong-port-hdpi-v4/background.png
[DEBUG]  Adding res/drawable-notlong-port-ldpi-v4/background.png
[DEBUG]  Adding res/drawable-notlong-port-mdpi-v4/background.png
[DEBUG]  Adding res/drawable-tvdpi-v4/abc_btn_switch_to_on_mtrl_00001.9.png
[DEBUG]  Adding res/drawable-tvdpi-v4/abc_btn_switch_to_on_mtrl_00012.9.png
[DEBUG]  Adding res/drawable-xhdpi-v4/abc_ab_share_pack_mtrl_alpha.9.png
[DEBUG]  Adding res/drawable-xhdpi-v4/abc_btn_check_to_on_mtrl_000.png
[DEBUG]  Adding res/drawable-xhdpi-v4/abc_btn_check_to_on_mtrl_015.png
[DEBUG]  Adding res/drawable-xhdpi-v4/abc_btn_radio_to_on_mtrl_000.png
[DEBUG]  Adding res/drawable-xhdpi-v4/abc_btn_radio_to_on_mtrl_015.png
[DEBUG]  Adding res/drawable-xhdpi-v4/abc_btn_rating_star_off_mtrl_alpha.png
[DEBUG]  Adding res/drawable-xhdpi-v4/abc_btn_rating_star_on_mtrl_alpha.png
[DEBUG]  Adding res/drawable-xhdpi-v4/abc_btn_switch_to_on_mtrl_00001.9.png
[DEBUG]  Adding res/drawable-xhdpi-v4/abc_btn_switch_to_on_mtrl_00012.9.png
[DEBUG]  Adding res/drawable-xhdpi-v4/abc_cab_background_top_mtrl_alpha.9.png
[DEBUG]  Adding res/drawable-xhdpi-v4/abc_ic_ab_back_mtrl_am_alpha.png
[DEBUG]  Adding res/drawable-xhdpi-v4/abc_ic_clear_mtrl_alpha.png
[DEBUG]  Adding res/drawable-xhdpi-v4/abc_ic_commit_search_api_mtrl_alpha.png
[DEBUG]  Adding res/drawable-xhdpi-v4/abc_ic_go_search_api_mtrl_alpha.png
[DEBUG]  Adding res/drawable-xhdpi-v4/abc_ic_menu_copy_mtrl_am_alpha.png
[DEBUG]  Adding res/drawable-xhdpi-v4/abc_ic_menu_cut_mtrl_alpha.png
[DEBUG]  Adding res/drawable-xhdpi-v4/abc_ic_menu_moreoverflow_mtrl_alpha.png
[DEBUG]  Adding res/drawable-xhdpi-v4/abc_ic_menu_paste_mtrl_am_alpha.png
[DEBUG]  Adding res/drawable-xhdpi-v4/abc_ic_menu_selectall_mtrl_alpha.png
[DEBUG]  Adding res/drawable-xhdpi-v4/abc_ic_menu_share_mtrl_alpha.png
[DEBUG]  Adding res/drawable-xhdpi-v4/abc_ic_search_api_mtrl_alpha.png
[DEBUG]  Adding res/drawable-xhdpi-v4/abc_ic_voice_search_api_mtrl_alpha.png
[DEBUG]  Adding res/drawable-xhdpi-v4/abc_list_divider_mtrl_alpha.9.png
[DEBUG]  Adding res/drawable-xhdpi-v4/abc_list_focused_holo.9.png
[DEBUG]  Adding res/drawable-xhdpi-v4/abc_list_longpressed_holo.9.png
[DEBUG]  Adding res/drawable-xhdpi-v4/abc_list_pressed_holo_dark.9.png
[DEBUG]  Adding res/drawable-xhdpi-v4/abc_list_pressed_holo_light.9.png
[DEBUG]  Adding res/drawable-xhdpi-v4/abc_list_selector_disabled_holo_dark.9.png
[DEBUG]  Adding res/drawable-xhdpi-v4/abc_list_selector_disabled_holo_light.9.png
[DEBUG]  Adding res/drawable-xhdpi-v4/abc_menu_hardkey_panel_mtrl_mult.9.png
[DEBUG]  Adding res/drawable-xhdpi-v4/abc_popup_background_mtrl_mult.9.png
[DEBUG]  Adding res/drawable-xhdpi-v4/abc_spinner_mtrl_am_alpha.9.png
[DEBUG]  Adding res/drawable-xhdpi-v4/abc_switch_track_mtrl_alpha.9.png
[DEBUG]  Adding res/drawable-xhdpi-v4/abc_tab_indicator_mtrl_alpha.9.png
[DEBUG]  Adding res/drawable-xhdpi-v4/abc_text_cursor_mtrl_alpha.9.png
[DEBUG]  Adding res/drawable-xhdpi-v4/abc_textfield_activated_mtrl_alpha.9.png
[DEBUG]  Adding res/drawable-xhdpi-v4/abc_textfield_default_mtrl_alpha.9.png
[DEBUG]  Adding res/drawable-xhdpi-v4/abc_textfield_search_activated_mtrl_alpha.9.png
[DEBUG]  Adding res/drawable-xhdpi-v4/abc_textfield_search_default_mtrl_alpha.9.png
[DEBUG]  Adding res/drawable-xxhdpi-v4/abc_ab_share_pack_mtrl_alpha.9.png
[DEBUG]  Adding res/drawable-xxhdpi-v4/abc_btn_check_to_on_mtrl_000.png
[DEBUG]  Adding res/drawable-xxhdpi-v4/abc_btn_check_to_on_mtrl_015.png
[DEBUG]  Adding res/drawable-xxhdpi-v4/abc_btn_radio_to_on_mtrl_000.png
[DEBUG]  Adding res/drawable-xxhdpi-v4/abc_btn_radio_to_on_mtrl_015.png
[DEBUG]  Adding res/drawable-xxhdpi-v4/abc_btn_rating_star_off_mtrl_alpha.png
[DEBUG]  Adding res/drawable-xxhdpi-v4/abc_btn_rating_star_on_mtrl_alpha.png
[DEBUG]  Adding res/drawable-xxhdpi-v4/abc_btn_switch_to_on_mtrl_00001.9.png
[DEBUG]  Adding res/drawable-xxhdpi-v4/abc_btn_switch_to_on_mtrl_00012.9.png
[DEBUG]  Adding res/drawable-xxhdpi-v4/abc_cab_background_top_mtrl_alpha.9.png
[DEBUG]  Adding res/drawable-xxhdpi-v4/abc_ic_ab_back_mtrl_am_alpha.png
[DEBUG]  Adding res/drawable-xxhdpi-v4/abc_ic_clear_mtrl_alpha.png
[DEBUG]  Adding res/drawable-xxhdpi-v4/abc_ic_commit_search_api_mtrl_alpha.png
[DEBUG]  Adding res/drawable-xxhdpi-v4/abc_ic_go_search_api_mtrl_alpha.png
[DEBUG]  Adding res/drawable-xxhdpi-v4/abc_ic_menu_copy_mtrl_am_alpha.png
[DEBUG]  Adding res/drawable-xxhdpi-v4/abc_ic_menu_cut_mtrl_alpha.png
[DEBUG]  Adding res/drawable-xxhdpi-v4/abc_ic_menu_moreoverflow_mtrl_alpha.png
[DEBUG]  Adding res/drawable-xxhdpi-v4/abc_ic_menu_paste_mtrl_am_alpha.png
[DEBUG]  Adding res/drawable-xxhdpi-v4/abc_ic_menu_selectall_mtrl_alpha.png
[DEBUG]  Adding res/drawable-xxhdpi-v4/abc_ic_menu_share_mtrl_alpha.png
[DEBUG]  Adding res/drawable-xxhdpi-v4/abc_ic_search_api_mtrl_alpha.png
[DEBUG]  Adding res/drawable-xxhdpi-v4/abc_ic_voice_search_api_mtrl_alpha.png
[DEBUG]  Adding res/drawable-xxhdpi-v4/abc_list_divider_mtrl_alpha.9.png
[DEBUG]  Adding res/drawable-xxhdpi-v4/abc_list_focused_holo.9.png
[DEBUG]  Adding res/drawable-xxhdpi-v4/abc_list_longpressed_holo.9.png
[DEBUG]  Adding res/drawable-xxhdpi-v4/abc_list_pressed_holo_dark.9.png
[DEBUG]  Adding res/drawable-xxhdpi-v4/abc_list_pressed_holo_light.9.png
[DEBUG]  Adding res/drawable-xxhdpi-v4/abc_list_selector_disabled_holo_dark.9.png
[DEBUG]  Adding res/drawable-xxhdpi-v4/abc_list_selector_disabled_holo_light.9.png
[DEBUG]  Adding res/drawable-xxhdpi-v4/abc_menu_hardkey_panel_mtrl_mult.9.png
[DEBUG]  Adding res/drawable-xxhdpi-v4/abc_popup_background_mtrl_mult.9.png
[DEBUG]  Adding res/drawable-xxhdpi-v4/abc_spinner_mtrl_am_alpha.9.png
[DEBUG]  Adding res/drawable-xxhdpi-v4/abc_switch_track_mtrl_alpha.9.png
[DEBUG]  Adding res/drawable-xxhdpi-v4/abc_tab_indicator_mtrl_alpha.9.png
[DEBUG]  Adding res/drawable-xxhdpi-v4/abc_text_cursor_mtrl_alpha.9.png
[DEBUG]  Adding res/drawable-xxhdpi-v4/abc_textfield_activated_mtrl_alpha.9.png
[DEBUG]  Adding res/drawable-xxhdpi-v4/abc_textfield_default_mtrl_alpha.9.png
[DEBUG]  Adding res/drawable-xxhdpi-v4/abc_textfield_search_activated_mtrl_alpha.9.png
[DEBUG]  Adding res/drawable-xxhdpi-v4/abc_textfield_search_default_mtrl_alpha.9.png
[DEBUG]  Adding res/drawable-xxxhdpi-v4/abc_btn_check_to_on_mtrl_000.png
[DEBUG]  Adding res/drawable-xxxhdpi-v4/abc_btn_check_to_on_mtrl_015.png
[DEBUG]  Adding res/drawable-xxxhdpi-v4/abc_btn_radio_to_on_mtrl_000.png
[DEBUG]  Adding res/drawable-xxxhdpi-v4/abc_btn_radio_to_on_mtrl_015.png
[DEBUG]  Adding res/drawable-xxxhdpi-v4/abc_btn_switch_to_on_mtrl_00001.9.png
[DEBUG]  Adding res/drawable-xxxhdpi-v4/abc_btn_switch_to_on_mtrl_00012.9.png
[DEBUG]  Adding res/drawable-xxxhdpi-v4/abc_ic_ab_back_mtrl_am_alpha.png
[DEBUG]  Adding res/drawable-xxxhdpi-v4/abc_ic_clear_mtrl_alpha.png
[DEBUG]  Adding res/drawable-xxxhdpi-v4/abc_ic_menu_copy_mtrl_am_alpha.png
[DEBUG]  Adding res/drawable-xxxhdpi-v4/abc_ic_menu_cut_mtrl_alpha.png
[DEBUG]  Adding res/drawable-xxxhdpi-v4/abc_ic_menu_moreoverflow_mtrl_alpha.png
[DEBUG]  Adding res/drawable-xxxhdpi-v4/abc_ic_menu_paste_mtrl_am_alpha.png
[DEBUG]  Adding res/drawable-xxxhdpi-v4/abc_ic_menu_selectall_mtrl_alpha.png
[DEBUG]  Adding res/drawable-xxxhdpi-v4/abc_ic_menu_share_mtrl_alpha.png
[DEBUG]  Adding res/drawable-xxxhdpi-v4/abc_ic_search_api_mtrl_alpha.png
[DEBUG]  Adding res/drawable-xxxhdpi-v4/abc_ic_voice_search_api_mtrl_alpha.png
[DEBUG]  Adding res/drawable-xxxhdpi-v4/abc_spinner_mtrl_am_alpha.9.png
[DEBUG]  Adding res/drawable-xxxhdpi-v4/abc_switch_track_mtrl_alpha.9.png
[DEBUG]  Adding res/drawable-xxxhdpi-v4/abc_tab_indicator_mtrl_alpha.9.png
[DEBUG]  Deflating res/drawable/abc_btn_borderless_material.xml
[DEBUG]  Deflating res/drawable/abc_btn_check_material.xml
[DEBUG]  Deflating res/drawable/abc_btn_default_mtrl_shape.xml
[DEBUG]  Deflating res/drawable/abc_btn_radio_material.xml
[DEBUG]  Deflating res/drawable/abc_cab_background_internal_bg.xml
[DEBUG]  Deflating res/drawable/abc_cab_background_top_material.xml
[DEBUG]  Deflating res/drawable/abc_dialog_material_background_dark.xml
[DEBUG]  Deflating res/drawable/abc_dialog_material_background_light.xml
[DEBUG]  Deflating res/drawable/abc_edit_text_material.xml
[DEBUG]  Deflating res/drawable/abc_item_background_holo_dark.xml
[DEBUG]  Deflating res/drawable/abc_item_background_holo_light.xml
[DEBUG]  Deflating res/drawable/abc_list_selector_background_transition_holo_dark.xml
[DEBUG]  Deflating res/drawable/abc_list_selector_background_transition_holo_light.xml
[DEBUG]  Deflating res/drawable/abc_list_selector_holo_dark.xml
[DEBUG]  Deflating res/drawable/abc_list_selector_holo_light.xml
[DEBUG]  Deflating res/drawable/abc_ratingbar_full_material.xml
[DEBUG]  Deflating res/drawable/abc_spinner_textfield_background_material.xml
[DEBUG]  Deflating res/drawable/abc_switch_thumb_material.xml
[DEBUG]  Deflating res/drawable/abc_tab_indicator_material.xml
[DEBUG]  Deflating res/drawable/abc_textfield_search_material.xml
[DEBUG]  Adding res/drawable/appicon.png
[DEBUG]  Adding res/drawable/background.png
[DEBUG]  Adding res/drawable/btn_check_buttonless_on_64.png
[DEBUG]  Adding res/drawable/btn_more_64.png
[DEBUG]  Adding res/drawable/disclosure_64.png
[DEBUG]  Deflating res/layout-v11/abc_screen_content_include.xml
[DEBUG]  Deflating res/layout-v17/abc_alert_dialog_material.xml
[DEBUG]  Deflating res/layout-v17/abc_dialog_title_material.xml
[DEBUG]  Deflating res/layout-v17/abc_search_view.xml
[DEBUG]  Deflating res/layout-v21/abc_screen_toolbar.xml
[DEBUG]  Deflating res/layout/abc_action_bar_title_item.xml
[DEBUG]  Deflating res/layout/abc_action_bar_up_container.xml
[DEBUG]  Deflating res/layout/abc_action_bar_view_list_nav_layout.xml
[DEBUG]  Deflating res/layout/abc_action_menu_item_layout.xml
[DEBUG]  Deflating res/layout/abc_action_menu_layout.xml
[DEBUG]  Deflating res/layout/abc_action_mode_bar.xml
[DEBUG]  Deflating res/layout/abc_action_mode_close_item_material.xml
[DEBUG]  Deflating res/layout/abc_activity_chooser_view.xml
[DEBUG]  Deflating res/layout/abc_activity_chooser_view_list_item.xml
[DEBUG]  Deflating res/layout/abc_alert_dialog_material.xml
[DEBUG]  Deflating res/layout/abc_dialog_title_material.xml
[DEBUG]  Deflating res/layout/abc_expanded_menu_layout.xml
[DEBUG]  Deflating res/layout/abc_list_menu_item_checkbox.xml
[DEBUG]  Deflating res/layout/abc_list_menu_item_icon.xml
[DEBUG]  Deflating res/layout/abc_list_menu_item_layout.xml
[DEBUG]  Deflating res/layout/abc_list_menu_item_radio.xml
[DEBUG]  Deflating res/layout/abc_popup_menu_item_layout.xml
[DEBUG]  Deflating res/layout/abc_screen_content_include.xml
[DEBUG]  Deflating res/layout/abc_screen_simple.xml
[DEBUG]  Deflating res/layout/abc_screen_simple_overlay_action_mode.xml
[DEBUG]  Deflating res/layout/abc_screen_toolbar.xml
[DEBUG]  Deflating res/layout/abc_search_dropdown_item_icons_2line.xml
[DEBUG]  Deflating res/layout/abc_search_view.xml
[DEBUG]  Deflating res/layout/abc_select_dialog_material.xml
[DEBUG]  Deflating res/layout/abc_simple_dropdown_hint.xml
[DEBUG]  Deflating res/layout/select_dialog_item_material.xml
[DEBUG]  Deflating res/layout/select_dialog_multichoice_material.xml
[DEBUG]  Deflating res/layout/select_dialog_singlechoice_material.xml
[DEBUG]  Deflating res/layout/support_simple_spinner_dropdown_item.xml
[DEBUG]  Deflating res/layout/titanium_tabgroup.xml
[DEBUG]  Deflating res/layout/titanium_ui_checkbox.xml
[DEBUG]  Deflating res/layout/titanium_ui_edittext.xml
[DEBUG]  Deflating res/layout/titanium_ui_list_header_or_footer.xml
[DEBUG]  Deflating res/layout/titanium_ui_list_item.xml
[DEBUG]  Deflating res/layout/titanium_ui_spinner.xml
[DEBUG]  Deflating res/layout/titanium_ui_switchcompat.xml
[DEBUG]  Deflating resources.arsc
[DEBUG]  Processing /home/ribamar/.titanium/mobilesdk/linux/4.1.0.GA/android/kroll-v8.jar
[DEBUG]  Processing /home/ribamar/.titanium/mobilesdk/linux/4.1.0.GA/android/modules/titanium-analytics.jar
[DEBUG]  Processing /home/ribamar/.titanium/mobilesdk/linux/4.1.0.GA/android/aps-analytics.jar
[DEBUG]  Processing /home/ribamar/.titanium/mobilesdk/linux/4.1.0.GA/android/modules/titanium-android.jar
[DEBUG]  Processing /home/ribamar/.titanium/mobilesdk/linux/4.1.0.GA/android/jaxen-1.1.1.jar
[DEBUG]  Processing /home/ribamar/.titanium/mobilesdk/linux/4.1.0.GA/android/ti-commons-codec-1.3.jar
[DEBUG]  Processing /home/ribamar/.titanium/mobilesdk/linux/4.1.0.GA/android/kroll-common.jar
[DEBUG]  Processing /home/ribamar/.titanium/mobilesdk/linux/4.1.0.GA/android/titanium.jar
[DEBUG]  Deflating org/appcelerator/titanium/build.properties
[DEBUG]  Adding org/appcelerator/titanium/res/drawable/background.png
[DEBUG]  Adding org/appcelerator/titanium/res/drawable/btn_check_buttonless_on.png
[DEBUG]  Adding org/appcelerator/titanium/res/drawable/btn_check_buttonless_on_100.png
[DEBUG]  Adding org/appcelerator/titanium/res/drawable/btn_check_buttonless_on_18.png
[DEBUG]  Adding org/appcelerator/titanium/res/drawable/btn_check_buttonless_on_48.png
[DEBUG]  Adding org/appcelerator/titanium/res/drawable/btn_check_buttonless_on_64.png
[DEBUG]  Adding org/appcelerator/titanium/res/drawable/btn_more.png
[DEBUG]  Adding org/appcelerator/titanium/res/drawable/btn_more_100.png
[DEBUG]  Adding org/appcelerator/titanium/res/drawable/btn_more_18.png
[DEBUG]  Adding org/appcelerator/titanium/res/drawable/btn_more_48.png
[DEBUG]  Adding org/appcelerator/titanium/res/drawable/btn_more_64.png
[DEBUG]  Adding org/appcelerator/titanium/res/drawable/btn_picker_normal.9.png
[DEBUG]  Adding org/appcelerator/titanium/res/drawable/btn_picker_pressed.9.png
[DEBUG]  Adding org/appcelerator/titanium/res/drawable/btn_picker_selected.9.png
[DEBUG]  Adding org/appcelerator/titanium/res/drawable/default_icon.png
[DEBUG]  Adding org/appcelerator/titanium/res/drawable/photoDefault.png
[DEBUG]  Processing /home/ribamar/.titanium/mobilesdk/linux/4.1.0.GA/android/modules/titanium-app.jar
[DEBUG]  Processing /home/ribamar/.titanium/mobilesdk/linux/4.1.0.GA/android/modules/titanium-ui.jar
[DEBUG]  Deflating ti/modules/titanium/ui/widget/webview/binding.js
[DEBUG]  Deflating ti/modules/titanium/ui/widget/webview/binding.min.js
[DEBUG]  Deflating ti/modules/titanium/ui/widget/webview/json2.js
[DEBUG]  Deflating ti/modules/titanium/ui/widget/webview/polling.js
[DEBUG]  Deflating ti/modules/titanium/ui/widget/webview/polling.min.js
[DEBUG]  Processing /home/ribamar/.titanium/mobilesdk/linux/4.1.0.GA/android/nineoldandroids-appc-2.4.0.jar
[DEBUG]  Processing /home/ribamar/.titanium/mobilesdk/linux/4.1.0.GA/android/modules/titanium-filesystem.jar
[DEBUG]  Processing /home/ribamar/.titanium/mobilesdk/linux/4.1.0.GA/android/modules/titanium-media.jar
[DEBUG]  Processing /home/ribamar/.titanium/mobilesdk/linux/4.1.0.GA/android/modules/titanium-appcompat.jar
[DEBUG]  Processing /home/ribamar/.titanium/mobilesdk/linux/4.1.0.GA/android/android-support-v4.jar
[DEBUG]  Processing /home/ribamar/.titanium/mobilesdk/linux/4.1.0.GA/android/android-support-v7-appcompat.jar
[DEBUG]  Processing /home/ribamar/.titanium/mobilesdk/linux/4.1.0.GA/android/modules/titanium-locale.jar
[DEBUG]  Processing /home/ribamar/.titanium/mobilesdk/linux/4.1.0.GA/android/modules/titanium-network.jar
[DEBUG]  Processing /home/ribamar/.titanium/mobilesdk/linux/4.1.0.GA/android/thirdparty.jar
[DEBUG]  Deflating org/apache/Commons-NOTICE.txt
[DEBUG]  Deflating org/apache/HttpComponents-NOTICE.txt
[DEBUG]  Deflating org/apache/mime4j-NOTICE.txt
[DEBUG]  Processing /home/ribamar/.titanium/mobilesdk/linux/4.1.0.GA/android/modules/titanium-xml.jar
[DEBUG]  Processing /home/ribamar/.titanium/mobilesdk/linux/4.1.0.GA/android/modules/titanium-platform.jar
[DEBUG]  Processing /home/ribamar/.titanium/mobilesdk/linux/4.1.0.GA/android/modules/titanium-database.jar
[DEBUG]  Adding classes.dex
[INFO]   Processing /home/ribamar/version-control/Titanium Projects/PROJETO_IGARASSU/build/android/src
[DEBUG]  Adding lib/armeabi/libkroll-v8.so
[DEBUG]  Adding lib/armeabi/libstlport_shared.so
[DEBUG]  Adding lib/armeabi/libtiverify.so
[DEBUG]  Adding lib/armeabi-v7a/libkroll-v8.so
[DEBUG]  Adding lib/armeabi-v7a/libstlport_shared.so
[DEBUG]  Adding lib/armeabi-v7a/libtiverify.so
[DEBUG]  Adding lib/x86/libkroll-v8.so
[DEBUG]  Adding lib/x86/libstlport_shared.so
[DEBUG]  Adding lib/x86/libtiverify.so
[INFO]   Writing unsigned apk: /home/ribamar/version-control/Titanium Projects/PROJETO_IGARASSU/build/android/bin/app-unsigned.apk
[INFO]   Using MD5withRSA signature algorithm
[INFO]   Signing apk: /usr/lib/jvm/java-8-oracle/bin/jarsigner "-sigalg" "MD5withRSA" "-digestalg" "SHA1" "-keystore" "/home/ribamar/.titanium/mobilesdk/linux/4.1.0.GA/android/dev_keystore" "-storepass" "*******" "-signedjar" "/home/ribamar/version-control/Titanium Projects/PROJETO_IGARASSU/build/android/bin/PROJETO_IGARASSU.apk" "/home/ribamar/version-control/Titanium Projects/PROJETO_IGARASSU/build/android/bin/app-unsigned.apk" "tidev"
[INFO]   Aligning zip file: /home/ribamar/Android/Sdk/build-tools/24.0.2/zipalign "-v" "4" "/home/ribamar/version-control/Titanium Projects/PROJETO_IGARASSU/build/android/bin/PROJETO_IGARASSU.apk" "/home/ribamar/version-control/Titanium Projects/PROJETO_IGARASSU/build/android/bin/PROJETO_IGARASSU.apkz"
[INFO]   Writing build manifest: /home/ribamar/version-control/Titanium Projects/PROJETO_IGARASSU/build/android/build-manifest.json
[INFO]   Making sure the adb server is running
[INFO]   Installing apk: /home/ribamar/version-control/Titanium Projects/PROJETO_IGARASSU/build/android/bin/PROJETO_IGARASSU.apk
[INFO]   Installing app on device: XT1033
[TRACE]  Checking if package manager service is started
[TRACE]  Package manager has started
[TRACE]  Executing: /home/ribamar/Android/Sdk/platform-tools/adb -s 0422808963 install -r /home/ribamar/version-control/Titanium Projects/PROJETO_IGARASSU/build/android/bin/PROJETO_IGARASSU.apk
[INFO]   App successfully installed
[INFO]   Starting app: br.com.ribasoft/.Projeto_igarassuActivity
[DEBUG]  Trying to start the app...
[INFO]   Application pid: 15548
-- Start application log -----------------------------------------------------
[INFO]   Project built successfully in 1m 16s 631ms
