
2016-12-13 00:04:27

Operating System
  Name                        = Mac OS X
  Version                     = 10.11.6
  Architecture                = 64bit
  # CPUs                      = 8
  Memory                      = 17179869184

Node.js
  Node.js Version             = 6.9.1
  npm Version                 = 3.10.8

Titanium CLI
  CLI Version                 = 5.0.11

Titanium SDK
  SDK Version                 = 6.0.0.GA
  SDK Path                    = /Users/ribamarmjs/Library/Application Support/Titanium/mobilesdk/osx/6.0.0.GA
  Target Platform             = iphone

Command
  /usr/local/bin/node /usr/local/bin/ti build -p ios

[INFO]   No device family specified, defaulting to universal
[TRACE]  [ioslib] No iOS Simulator UDID specified, searching for best match
[TRACE]  [ioslib] Scanning Xcodes: 8.1:8B62
[TRACE]  [ioslib] No app being installed, so picking first simulator
[TRACE]  [ioslib] Autoselected iOS Simulator: iPhone 7 Plus
[TRACE]  [ioslib]   UDID    = 5CB180AF-73EF-4B29-9995-A852108E3EF2
[TRACE]  [ioslib]   iOS     = 10.1
[TRACE]  [ioslib] Autoselected Xcode: 8.1
[DEBUG]  Detecting modules in /Users/ribamarmjs/Library/Application Support/Titanium/mobilesdk/osx/6.0.0.GA/modules
[DEBUG]  Detected android module: ti.map 3.1.0 @ /Users/ribamarmjs/Library/Application Support/Titanium/mobilesdk/osx/6.0.0.GA/modules/android/ti.map/3.1.0
[DEBUG]  Detecting modules in /Users/ribamarmjs/Library/Application Support/Titanium/modules
[DEBUG]  Detected android module: facebook 4.0.5 @ /Users/ribamarmjs/Library/Application Support/Titanium/modules/android/facebook/4.0.5
[DEBUG]  Detected android module: facebook 6.0.1 @ /Users/ribamarmjs/Library/Application Support/Titanium/modules/android/facebook/6.0.1
[DEBUG]  Detected android module: ti.cloudpush 3.4.0 @ /Users/ribamarmjs/Library/Application Support/Titanium/modules/android/ti.cloudpush/3.4.0
[DEBUG]  Detected android module: ti.cloudpush 4.0.3 @ /Users/ribamarmjs/Library/Application Support/Titanium/modules/android/ti.cloudpush/4.0.3
[DEBUG]  Detected android module: ti.map 2.3.3 @ /Users/ribamarmjs/Library/Application Support/Titanium/modules/android/ti.map/2.3.3
[DEBUG]  Detected android module: ti.map 3.0.1 @ /Users/ribamarmjs/Library/Application Support/Titanium/modules/android/ti.map/3.0.1
[DEBUG]  Detected android module: ti.touchid 2.0.1 @ /Users/ribamarmjs/Library/Application Support/Titanium/modules/android/ti.touchid/2.0.1
[DEBUG]  Detected commonjs module: ti.cloud 3.2.11 @ /Users/ribamarmjs/Library/Application Support/Titanium/modules/commonjs/ti.cloud/3.2.11
[DEBUG]  Detected commonjs module: ti.cloud 3.2.9 @ /Users/ribamarmjs/Library/Application Support/Titanium/modules/commonjs/ti.cloud/3.2.9
[DEBUG]  Detected iphone module: com.appcelerator.urlSession 1.1.1 @ /Users/ribamarmjs/Library/Application Support/Titanium/modules/iphone/com.appcelerator.urlSession/1.1.1
[DEBUG]  Detected iphone module: com.appcelerator.urlSession 2.0.0 @ /Users/ribamarmjs/Library/Application Support/Titanium/modules/iphone/com.appcelerator.urlSession/2.0.0
[DEBUG]  Detected iphone module: facebook 4.0.5 @ /Users/ribamarmjs/Library/Application Support/Titanium/modules/iphone/facebook/4.0.5
[DEBUG]  Detected iphone module: facebook 5.2.8 @ /Users/ribamarmjs/Library/Application Support/Titanium/modules/iphone/facebook/5.2.8
[DEBUG]  Detected iphone module: ti.coremotion 1.1.0 @ /Users/ribamarmjs/Library/Application Support/Titanium/modules/iphone/ti.coremotion/1.1.0
[DEBUG]  Detected iphone module: ti.coremotion 2.0.0 @ /Users/ribamarmjs/Library/Application Support/Titanium/modules/iphone/ti.coremotion/2.0.0
[DEBUG]  Detected iphone module: ti.map 2.3.3 @ /Users/ribamarmjs/Library/Application Support/Titanium/modules/iphone/ti.map/2.3.3
[DEBUG]  Detected iphone module: ti.map 2.8.0 @ /Users/ribamarmjs/Library/Application Support/Titanium/modules/iphone/ti.map/2.8.0
[DEBUG]  Detected iphone module: ti.safaridialog 1.1.1 @ /Users/ribamarmjs/Library/Application Support/Titanium/modules/iphone/ti.safaridialog/1.1.1
[DEBUG]  Detected iphone module: ti.touchid 1.1.0 @ /Users/ribamarmjs/Library/Application Support/Titanium/modules/iphone/ti.touchid/1.1.0
[DEBUG]  Detected iphone module: ti.touchid 1.2.2 @ /Users/ribamarmjs/Library/Application Support/Titanium/modules/iphone/ti.touchid/1.2.2
[DEBUG]  Detecting plugins in /Users/ribamarmjs/version-control/titanium/PROJETO_IGARASSU/plugins
[DEBUG]  Detected plugin: ti.alloy @ /Users/ribamarmjs/version-control/titanium/PROJETO_IGARASSU/plugins/ti.alloy
[DEBUG]  Looking for Titanium plugin id=ti.alloy version=1.0
[INFO]   Found Titanium plugin id=ti.alloy version=1.0 
[TRACE]  Snapshotting build directory
[DEBUG]  Checking if log server port 45360 is available
[DEBUG]  Log server port 45360 is available
[DEBUG]  Titanium SDK iOS directory: /Users/ribamarmjs/Library/Application Support/Titanium/mobilesdk/osx/6.0.0.GA/iphone
[INFO]   Deploy type: development
[INFO]   Building for target: simulator
[INFO]   Building using iOS SDK: 10.1
[INFO]   Building for iOS Simulator: iPhone 7 Plus
[DEBUG]  UDID: 5CB180AF-73EF-4B29-9995-A852108E3EF2
[DEBUG]  Simulator type: iphone
[DEBUG]  Simulator version: 10.1
[INFO]   Building for device family: universal
[DEBUG]  Setting Xcode target to Debug
[DEBUG]  Setting Xcode build OS to iphonesimulator
[DEBUG]  Xcode installation: /Applications/Xcode.app/Contents/Developer
[DEBUG]  iOS WWDR certificate: installed
[INFO]   Minimum iOS version: 8.0
[INFO]   Logging enabled on port 45360
[INFO]   Debugging disabled
[INFO]   Profiler disabled
[INFO]   Set to copy files instead of symlinking
[INFO]   Initializing the build directory
[INFO]   Found Alloy app in /Users/ribamarmjs/version-control/titanium/PROJETO_IGARASSU/app
[INFO]   Executing Alloy compile: /usr/local/bin/node /usr/local/bin/alloy compile /Users/ribamarmjs/version-control/titanium/PROJETO_IGARASSU/app --config platform=ios,version=0,simtype=none,devicefamily=universal,deploytype=development,target=simulator
[DEBUG]         .__  .__                
[DEBUG]  _____  |  | |  |   ____ ___.__.
[DEBUG]  \__  \ |  | |  |  /  _ <   |  |
[DEBUG]   / __ \|  |_|  |_(  <_> )___  |
[DEBUG]  (____  /____/____/\____// ____|
[DEBUG]       \/                 \/
[DEBUG]  Alloy 1.9.5 by Appcelerator. The MVC app framework for Titanium.
[DEBUG]  
[DEBUG]  ----- CONFIGURATION -----
[DEBUG]  raw config = "platform=ios,version=0,simtype=none,devicefamily=universal,deploytype=development,target=simulator"
[DEBUG]  platform = ios
[DEBUG]  version = 0
[DEBUG]  simtype = none
[DEBUG]  devicefamily = universal
[DEBUG]  deploytype = development
[DEBUG]  target = simulator
[DEBUG]  project path = /Users/ribamarmjs/version-control/titanium/PROJETO_IGARASSU
[DEBUG]  app path = /Users/ribamarmjs/version-control/titanium/PROJETO_IGARASSU/app
[DEBUG]  
[DEBUG]  ----- CONFIG.JSON -----
[DEBUG]  dependencies = {}
[INFO]    [config.json] config.json unchanged, using cached config.json...
[DEBUG]  {
[DEBUG]    "dependencies": {},
[DEBUG]    "sourcemap": true,
[DEBUG]    "autoStyle": false,
[DEBUG]    "adapters": [
[DEBUG]      "localStorage",
[DEBUG]      "properties",
[DEBUG]      "sql"
[DEBUG]    ]
[DEBUG]  }
[DEBUG]  
[DEBUG]  ----- CLEANING RESOURCES -----
[DEBUG]  Removing orphaned controllers ...
[DEBUG]  Removing orphaned models ...
[DEBUG]  Removing orphaned styles ...
[DEBUG]  Removing orphaned sync adapters...
[DEBUG]  Removing orphaned assets and libs...
[DEBUG]  
[DEBUG]  ----- BASE RUNTIME FILES -----
[TRACE]  SRC_DIR=/usr/local/lib/node_modules/alloy/Alloy/lib
[TRACE]  Copying SRC_DIR/alloy/sync/sql.js --> Resources/iphone/alloy/sync/sql.js
[TRACE]  Copying SRC_DIR/alloy/sync/properties.js --> Resources/iphone/alloy/sync/properties.js
[TRACE]  Copying SRC_DIR/alloy/sync/localStorage.js --> Resources/iphone/alloy/sync/localStorage.js
[TRACE]  Copying SRC_DIR/alloy/controllers/BaseController.js --> Resources/iphone/alloy/controllers/BaseController.js
[TRACE]  Copying SRC_DIR/alloy/widget.js --> Resources/iphone/alloy/widget.js
[TRACE]  Copying SRC_DIR/alloy/underscore.js --> Resources/iphone/alloy/underscore.js
[TRACE]  
[TRACE]  Generating ../Resources/iphone/alloy.js
[TRACE]  SRC_DIR=/usr/local/lib/node_modules/alloy/Alloy/common
[TRACE]  Copying SRC_DIR/constants.js --> Resources/iphone/alloy/constants.js
[TRACE]  
[TRACE]  SRC_DIR=/Users/ribamarmjs/version-control/titanium/PROJETO_IGARASSU/app/assets
[TRACE]  
[TRACE]  SRC_DIR=/Users/ribamarmjs/version-control/titanium/PROJETO_IGARASSU/app/lib
[TRACE]  Copying SRC_DIR/ui.js --> Resources/iphone/ui.js
[TRACE]  
[DEBUG]  Resetting /Users/ribamarmjs/version-control/titanium/PROJETO_IGARASSU/platform/ios
[DEBUG]  
[DEBUG]  Resetting /Users/ribamarmjs/version-control/titanium/PROJETO_IGARASSU/i18n
[DEBUG]  Writing /Users/ribamarmjs/version-control/titanium/PROJETO_IGARASSU/i18n/en/strings.xml
[DEBUG]  Writing /Users/ribamarmjs/version-control/titanium/PROJETO_IGARASSU/i18n/pt-BR/strings.xml
[DEBUG]  
[INFO]   ----- MVC GENERATION -----
[INFO]   [global style] loading from cache...
[INFO]   [models/place.js] model processing...
[INFO]   [descriptionPlace.xml] view processing...
[INFO]     style:      "descriptionPlace.tss"
[INFO]     view:       "descriptionPlace.xml"
[INFO]     controller: "descriptionPlace.js"
[TRACE]  - Processing "builtins" module...
[TRACE]  - Processing "optimizer" module...
[TRACE]  - Processing "compress" module...
[INFO]     created:    "Resources/iphone/alloy/controllers/descriptionPlace.js"
[DEBUG]    map:        "build/map/Resources/iphone/alloy/controllers/descriptionPlace.js.map"
[INFO]     created:     "Resources/iphone/alloy/styles/descriptionPlace.js"
[INFO]   [detailPlace.xml] view processing...
[INFO]     style:      "detailPlace.tss"
[INFO]     view:       "detailPlace.xml"
[INFO]     controller: "detailPlace.js"
[TRACE]  - Processing "builtins" module...
[TRACE]  - Processing "optimizer" module...
[TRACE]  - Processing "compress" module...
[INFO]     created:    "Resources/iphone/alloy/controllers/detailPlace.js"
[DEBUG]    map:        "build/map/Resources/iphone/alloy/controllers/detailPlace.js.map"
[INFO]     created:     "Resources/iphone/alloy/styles/detailPlace.js"
[INFO]   [favoritePlace.xml] view processing...
[INFO]     style:      "favoritePlace.tss"
[INFO]     view:       "favoritePlace.xml"
[WARN]   attribute "{id}" missed quot(")!!
[WARN]   @#[line:5,col:6]
[INFO]     controller: "favoritePlace.js"
[TRACE]  - Processing "builtins" module...
[TRACE]  - Processing "optimizer" module...
[TRACE]  - Processing "compress" module...
[INFO]     created:    "Resources/iphone/alloy/controllers/favoritePlace.js"
[DEBUG]    map:        "build/map/Resources/iphone/alloy/controllers/favoritePlace.js.map"
[INFO]     created:     "Resources/iphone/alloy/styles/favoritePlace.js"
[INFO]   [index.xml] view processing...
[INFO]     style:      "index.tss"
[INFO]     view:       "index.xml"
[INFO]     controller: "index.js"
[TRACE]  - Processing "builtins" module...
[TRACE]  - Processing "optimizer" module...
[TRACE]  - Processing "compress" module...
[INFO]     created:    "Resources/iphone/alloy/controllers/index.js"
[DEBUG]    map:        "build/map/Resources/iphone/alloy/controllers/index.js.map"
[INFO]     created:     "Resources/iphone/alloy/styles/index.js"
[INFO]   [listPlace.xml] view processing...
[INFO]     style:      "listPlace.tss"
[INFO]     view:       "listPlace.xml"
[INFO]     controller: "listPlace.js"
[TRACE]  - Processing "builtins" module...
[TRACE]  - Processing "optimizer" module...
[TRACE]  - Processing "compress" module...
[INFO]     created:    "Resources/iphone/alloy/controllers/listPlace.js"
[DEBUG]    map:        "build/map/Resources/iphone/alloy/controllers/listPlace.js.map"
[INFO]     created:     "Resources/iphone/alloy/styles/listPlace.js"
[INFO]   [mapPlace.xml] view processing...
[INFO]     style:      "mapPlace.tss"
[INFO]     view:       "mapPlace.xml"
[INFO]     controller: "mapPlace.js"
[TRACE]  - Processing "builtins" module...
[TRACE]  - Processing "optimizer" module...
[TRACE]  - Processing "compress" module...
[INFO]     created:    "Resources/iphone/alloy/controllers/mapPlace.js"
[DEBUG]    map:        "build/map/Resources/iphone/alloy/controllers/mapPlace.js.map"
[INFO]     created:     "Resources/iphone/alloy/styles/mapPlace.js"
[INFO]   
[INFO]   [app.js] using cached app.js...
[INFO]   
[INFO]   ----- OPTIMIZING -----
[INFO]   - iphone/alloy.js
[TRACE]    processing "builtins" module...
[TRACE]    processing "optimizer" module...
[TRACE]    processing "compress" module...
[INFO]   - iphone/ui.js
[TRACE]    processing "builtins" module...
[TRACE]    processing "optimizer" module...
[TRACE]    processing "compress" module...
[INFO]   - iphone/alloy/models/Place.js
[TRACE]    processing "builtins" module...
[TRACE]    processing "optimizer" module...
[TRACE]    processing "compress" module...
[INFO]   - iphone/alloy/sync/localStorage.js
[TRACE]    processing "builtins" module...
[TRACE]    processing "optimizer" module...
[TRACE]    processing "compress" module...
[INFO]   - iphone/alloy/sync/properties.js
[TRACE]    processing "builtins" module...
[TRACE]    processing "optimizer" module...
[TRACE]    processing "compress" module...
[INFO]   - iphone/alloy/sync/sql.js
[TRACE]    processing "builtins" module...
[TRACE]    processing "optimizer" module...
[TRACE]    processing "compress" module...
[TRACE]   
[TRACE]  Benchmarking
[TRACE]  ------------
[TRACE]  [0.95847s] TOTAL
[INFO]   
[INFO]   Alloy compiled in 0.95847s
[INFO]   Alloy compiler completed successfully
[INFO]   Creating Xcode project
[TRACE]  Removing pre-compile phase
[TRACE]  No native module libraries to add
[TRACE]  No extensions to add
[TRACE]  No change, skipping /Users/ribamarmjs/version-control/titanium/PROJETO_IGARASSU/build/iphone/Igarassu.xcodeproj/project.pbxproj
[INFO]   Creating Entitlements.plist
[TRACE]  No change, skipping /Users/ribamarmjs/version-control/titanium/PROJETO_IGARASSU/build/iphone/Igarassu.entitlements
[INFO]   Creating Info.plist
[DEBUG]  Checking for Splash Screen localization
[INFO]   Disabling ATS
[TRACE]  No change, skipping /Users/ribamarmjs/version-control/titanium/PROJETO_IGARASSU/build/iphone/Info.plist
[INFO]   Creating main.m
[TRACE]  No change, skipping /Users/ribamarmjs/version-control/titanium/PROJETO_IGARASSU/build/iphone/main.m
[INFO]   Creating Xcode config files
[TRACE]  No change, skipping /Users/ribamarmjs/version-control/titanium/PROJETO_IGARASSU/build/iphone/project.xcconfig
[TRACE]  No change, skipping /Users/ribamarmjs/version-control/titanium/PROJETO_IGARASSU/build/iphone/module.xcconfig
[INFO]   Copying Titanium libraries
[TRACE]  No change, skipping /Users/ribamarmjs/version-control/titanium/PROJETO_IGARASSU/build/iphone/lib/libTiCore.a
[TRACE]  No change, skipping /Users/ribamarmjs/version-control/titanium/PROJETO_IGARASSU/build/iphone/lib/libtiverify.a
[TRACE]  No change, skipping /Users/ribamarmjs/version-control/titanium/PROJETO_IGARASSU/build/iphone/lib/libti_ios_debugger.a
[TRACE]  No change, skipping /Users/ribamarmjs/version-control/titanium/PROJETO_IGARASSU/build/iphone/lib/libti_ios_profiler.a
[INFO]   Copying Titanium iOS files
[TRACE]  Skipping Classes/ApplicationRouting.m, it'll be processed later
[TRACE]  No change, skipping /Users/ribamarmjs/version-control/titanium/PROJETO_IGARASSU/build/iphone/Igarassu_Prefix.pch
[TRACE]  No change, skipping /Users/ribamarmjs/version-control/titanium/PROJETO_IGARASSU/build/iphone/Igarassu.xcodeproj/xcshareddata/xcschemes/Igarassu.xcscheme
[INFO]   Creating debugger and profiler plists
[DEBUG]  Skipping /Users/ribamarmjs/version-control/titanium/PROJETO_IGARASSU/build/iphone/build/Products/Debug-iphonesimulator/Igarassu.app/debugger.plist
[DEBUG]  Skipping /Users/ribamarmjs/version-control/titanium/PROJETO_IGARASSU/build/iphone/build/Products/Debug-iphonesimulator/Igarassu.app/profiler.plist
[INFO]   Analyzing Resources directory
[INFO]   Analyzing platform files
[INFO]   Analyzing module files
[INFO]   Analyzing localized launch images
[INFO]   Analyzing CommonJS modules
[INFO]   Creating asset catalog
[TRACE]  No change, skipping /Users/ribamarmjs/version-control/titanium/PROJETO_IGARASSU/build/iphone/Assets.xcassets/Contents.json
[INFO]   Creating app icon set
[TRACE]  Found generated 29x29 app icon: /Users/ribamarmjs/version-control/titanium/PROJETO_IGARASSU/build/iphone/Assets.xcassets/AppIcon.appiconset/appicon-Small.png
[TRACE]  Found generated 58x58 app icon: /Users/ribamarmjs/version-control/titanium/PROJETO_IGARASSU/build/iphone/Assets.xcassets/AppIcon.appiconset/appicon-Small@2x.png
[TRACE]  Found generated 87x87 app icon: /Users/ribamarmjs/version-control/titanium/PROJETO_IGARASSU/build/iphone/Assets.xcassets/AppIcon.appiconset/appicon-Small@3x.png
[TRACE]  Found generated 40x40 app icon: /Users/ribamarmjs/version-control/titanium/PROJETO_IGARASSU/build/iphone/Assets.xcassets/AppIcon.appiconset/appicon-Small-40.png
[TRACE]  Found generated 80x80 app icon: /Users/ribamarmjs/version-control/titanium/PROJETO_IGARASSU/build/iphone/Assets.xcassets/AppIcon.appiconset/appicon-Small-40@2x.png
[TRACE]  Found generated 120x120 app icon: /Users/ribamarmjs/version-control/titanium/PROJETO_IGARASSU/build/iphone/Assets.xcassets/AppIcon.appiconset/appicon-Small-40@3x.png
[TRACE]  Found generated 120x120 app icon: /Users/ribamarmjs/version-control/titanium/PROJETO_IGARASSU/build/iphone/Assets.xcassets/AppIcon.appiconset/appicon-60@2x.png
[TRACE]  Found generated 180x180 app icon: /Users/ribamarmjs/version-control/titanium/PROJETO_IGARASSU/build/iphone/Assets.xcassets/AppIcon.appiconset/appicon-60@3x.png
[TRACE]  Found generated 76x76 app icon: /Users/ribamarmjs/version-control/titanium/PROJETO_IGARASSU/build/iphone/Assets.xcassets/AppIcon.appiconset/appicon-76.png
[TRACE]  Found generated 152x152 app icon: /Users/ribamarmjs/version-control/titanium/PROJETO_IGARASSU/build/iphone/Assets.xcassets/AppIcon.appiconset/appicon-76@2x.png
[TRACE]  Found generated 167x167 app icon: /Users/ribamarmjs/version-control/titanium/PROJETO_IGARASSU/build/iphone/Assets.xcassets/AppIcon.appiconset/appicon-83.5@2x.png
[TRACE]  No change, skipping /Users/ribamarmjs/version-control/titanium/PROJETO_IGARASSU/build/iphone/Assets.xcassets/AppIcon.appiconset/Contents.json
[INFO]   Creating launch image set
[DEBUG]  Unsupported launch image Resources/iphone/Default.png, skipping
[TRACE]  No change, skipping /Users/ribamarmjs/version-control/titanium/PROJETO_IGARASSU/build/iphone/Assets.xcassets/LaunchImage.launchimage/Contents.json
[INFO]   App thinning disabled, skipping asset image sets
[DEBUG]  Copying resources
[TRACE]  No change, skipping /Users/ribamarmjs/version-control/titanium/PROJETO_IGARASSU/build/iphone/build/Products/Debug-iphonesimulator/Igarassu.app/bookmark.png
[TRACE]  No change, skipping /Users/ribamarmjs/version-control/titanium/PROJETO_IGARASSU/build/iphone/build/Products/Debug-iphonesimulator/Igarassu.app/event.png
[TRACE]  No change, skipping /Users/ribamarmjs/version-control/titanium/PROJETO_IGARASSU/build/iphone/build/Products/Debug-iphonesimulator/Igarassu.app/favorite.png
[TRACE]  No change, skipping /Users/ribamarmjs/version-control/titanium/PROJETO_IGARASSU/build/iphone/build/Products/Debug-iphonesimulator/Igarassu.app/information.png
[TRACE]  No change, skipping /Users/ribamarmjs/version-control/titanium/PROJETO_IGARASSU/build/iphone/build/Products/Debug-iphonesimulator/Igarassu.app/location.png
[TRACE]  No change, skipping /Users/ribamarmjs/version-control/titanium/PROJETO_IGARASSU/build/iphone/build/Products/Debug-iphonesimulator/Igarassu.app/whattodo.png
[DEBUG]  Overwriting /Users/ribamarmjs/version-control/titanium/PROJETO_IGARASSU/platform/ios/alloy_generated => /Users/ribamarmjs/version-control/titanium/PROJETO_IGARASSU/build/iphone/alloy_generated
[TRACE]  No change, skipping /Users/ribamarmjs/version-control/titanium/PROJETO_IGARASSU/build/iphone/Assets.xcassets/LaunchImage.launchimage/Default-568h@2x.png
[TRACE]  No change, skipping /Users/ribamarmjs/version-control/titanium/PROJETO_IGARASSU/build/iphone/Assets.xcassets/LaunchImage.launchimage/Default-667h@2x.png
[TRACE]  No change, skipping /Users/ribamarmjs/version-control/titanium/PROJETO_IGARASSU/build/iphone/Assets.xcassets/LaunchImage.launchimage/Default-Landscape-736h@3x.png
[TRACE]  No change, skipping /Users/ribamarmjs/version-control/titanium/PROJETO_IGARASSU/build/iphone/Assets.xcassets/LaunchImage.launchimage/Default-Landscape.png
[TRACE]  No change, skipping /Users/ribamarmjs/version-control/titanium/PROJETO_IGARASSU/build/iphone/Assets.xcassets/LaunchImage.launchimage/Default-Landscape@2x.png
[TRACE]  No change, skipping /Users/ribamarmjs/version-control/titanium/PROJETO_IGARASSU/build/iphone/Assets.xcassets/LaunchImage.launchimage/Default-Portrait-736h@3x.png
[TRACE]  No change, skipping /Users/ribamarmjs/version-control/titanium/PROJETO_IGARASSU/build/iphone/Assets.xcassets/LaunchImage.launchimage/Default-Portrait.png
[TRACE]  No change, skipping /Users/ribamarmjs/version-control/titanium/PROJETO_IGARASSU/build/iphone/Assets.xcassets/LaunchImage.launchimage/Default-Portrait@2x.png
[TRACE]  No change, skipping /Users/ribamarmjs/version-control/titanium/PROJETO_IGARASSU/build/iphone/Assets.xcassets/LaunchImage.launchimage/Default@2x.png
[DEBUG]  Copying CSS files
[INFO]   Processing JavaScript files
[DEBUG]  Overwriting /Users/ribamarmjs/version-control/titanium/PROJETO_IGARASSU/Resources/alloy/CFG.js => /Users/ribamarmjs/version-control/titanium/PROJETO_IGARASSU/build/iphone/build/Products/Debug-iphonesimulator/Igarassu.app/alloy/CFG.js
[DEBUG]  Overwriting /Users/ribamarmjs/version-control/titanium/PROJETO_IGARASSU/Resources/iphone/app.js => /Users/ribamarmjs/version-control/titanium/PROJETO_IGARASSU/build/iphone/build/Products/Debug-iphonesimulator/Igarassu.app/app.js
[DEBUG]  Overwriting /Users/ribamarmjs/version-control/titanium/PROJETO_IGARASSU/Resources/iphone/alloy/backbone.js => /Users/ribamarmjs/version-control/titanium/PROJETO_IGARASSU/build/iphone/build/Products/Debug-iphonesimulator/Igarassu.app/alloy/backbone.js
[DEBUG]  Overwriting /Users/ribamarmjs/version-control/titanium/PROJETO_IGARASSU/Resources/iphone/alloy/constants.js => /Users/ribamarmjs/version-control/titanium/PROJETO_IGARASSU/build/iphone/build/Products/Debug-iphonesimulator/Igarassu.app/alloy/constants.js
[DEBUG]  Overwriting /Users/ribamarmjs/version-control/titanium/PROJETO_IGARASSU/Resources/iphone/alloy/controllers/BaseController.js => /Users/ribamarmjs/version-control/titanium/PROJETO_IGARASSU/build/iphone/build/Products/Debug-iphonesimulator/Igarassu.app/alloy/controllers/BaseController.js
[DEBUG]  Overwriting /Users/ribamarmjs/version-control/titanium/PROJETO_IGARASSU/Resources/iphone/alloy/controllers/descriptionPlace.js => /Users/ribamarmjs/version-control/titanium/PROJETO_IGARASSU/build/iphone/build/Products/Debug-iphonesimulator/Igarassu.app/alloy/controllers/descriptionPlace.js
[DEBUG]  Overwriting /Users/ribamarmjs/version-control/titanium/PROJETO_IGARASSU/Resources/iphone/alloy/controllers/detailPlace.js => /Users/ribamarmjs/version-control/titanium/PROJETO_IGARASSU/build/iphone/build/Products/Debug-iphonesimulator/Igarassu.app/alloy/controllers/detailPlace.js
[DEBUG]  Overwriting /Users/ribamarmjs/version-control/titanium/PROJETO_IGARASSU/Resources/iphone/alloy/controllers/favoritePlace.js => /Users/ribamarmjs/version-control/titanium/PROJETO_IGARASSU/build/iphone/build/Products/Debug-iphonesimulator/Igarassu.app/alloy/controllers/favoritePlace.js
[DEBUG]  Overwriting /Users/ribamarmjs/version-control/titanium/PROJETO_IGARASSU/Resources/iphone/alloy/controllers/index.js => /Users/ribamarmjs/version-control/titanium/PROJETO_IGARASSU/build/iphone/build/Products/Debug-iphonesimulator/Igarassu.app/alloy/controllers/index.js
[DEBUG]  Overwriting /Users/ribamarmjs/version-control/titanium/PROJETO_IGARASSU/Resources/iphone/alloy/controllers/listPlace.js => /Users/ribamarmjs/version-control/titanium/PROJETO_IGARASSU/build/iphone/build/Products/Debug-iphonesimulator/Igarassu.app/alloy/controllers/listPlace.js
[DEBUG]  Overwriting /Users/ribamarmjs/version-control/titanium/PROJETO_IGARASSU/Resources/iphone/alloy/controllers/mapPlace.js => /Users/ribamarmjs/version-control/titanium/PROJETO_IGARASSU/build/iphone/build/Products/Debug-iphonesimulator/Igarassu.app/alloy/controllers/mapPlace.js
[DEBUG]  Overwriting /Users/ribamarmjs/version-control/titanium/PROJETO_IGARASSU/Resources/iphone/alloy/models/Place.js => /Users/ribamarmjs/version-control/titanium/PROJETO_IGARASSU/build/iphone/build/Products/Debug-iphonesimulator/Igarassu.app/alloy/models/Place.js
[DEBUG]  Overwriting /Users/ribamarmjs/version-control/titanium/PROJETO_IGARASSU/Resources/iphone/alloy/styles/descriptionPlace.js => /Users/ribamarmjs/version-control/titanium/PROJETO_IGARASSU/build/iphone/build/Products/Debug-iphonesimulator/Igarassu.app/alloy/styles/descriptionPlace.js
[DEBUG]  Overwriting /Users/ribamarmjs/version-control/titanium/PROJETO_IGARASSU/Resources/iphone/alloy/styles/detailPlace.js => /Users/ribamarmjs/version-control/titanium/PROJETO_IGARASSU/build/iphone/build/Products/Debug-iphonesimulator/Igarassu.app/alloy/styles/detailPlace.js
[DEBUG]  Overwriting /Users/ribamarmjs/version-control/titanium/PROJETO_IGARASSU/Resources/iphone/alloy/styles/favoritePlace.js => /Users/ribamarmjs/version-control/titanium/PROJETO_IGARASSU/build/iphone/build/Products/Debug-iphonesimulator/Igarassu.app/alloy/styles/favoritePlace.js
[DEBUG]  Overwriting /Users/ribamarmjs/version-control/titanium/PROJETO_IGARASSU/Resources/iphone/alloy/styles/index.js => /Users/ribamarmjs/version-control/titanium/PROJETO_IGARASSU/build/iphone/build/Products/Debug-iphonesimulator/Igarassu.app/alloy/styles/index.js
[DEBUG]  Overwriting /Users/ribamarmjs/version-control/titanium/PROJETO_IGARASSU/Resources/iphone/alloy/styles/listPlace.js => /Users/ribamarmjs/version-control/titanium/PROJETO_IGARASSU/build/iphone/build/Products/Debug-iphonesimulator/Igarassu.app/alloy/styles/listPlace.js
[DEBUG]  Overwriting /Users/ribamarmjs/version-control/titanium/PROJETO_IGARASSU/Resources/iphone/alloy/styles/mapPlace.js => /Users/ribamarmjs/version-control/titanium/PROJETO_IGARASSU/build/iphone/build/Products/Debug-iphonesimulator/Igarassu.app/alloy/styles/mapPlace.js
[DEBUG]  Overwriting /Users/ribamarmjs/version-control/titanium/PROJETO_IGARASSU/Resources/iphone/alloy/sync/localStorage.js => /Users/ribamarmjs/version-control/titanium/PROJETO_IGARASSU/build/iphone/build/Products/Debug-iphonesimulator/Igarassu.app/alloy/sync/localStorage.js
[DEBUG]  Overwriting /Users/ribamarmjs/version-control/titanium/PROJETO_IGARASSU/Resources/iphone/alloy/sync/properties.js => /Users/ribamarmjs/version-control/titanium/PROJETO_IGARASSU/build/iphone/build/Products/Debug-iphonesimulator/Igarassu.app/alloy/sync/properties.js
[DEBUG]  Overwriting /Users/ribamarmjs/version-control/titanium/PROJETO_IGARASSU/Resources/iphone/alloy/sync/sql.js => /Users/ribamarmjs/version-control/titanium/PROJETO_IGARASSU/build/iphone/build/Products/Debug-iphonesimulator/Igarassu.app/alloy/sync/sql.js
[DEBUG]  Overwriting /Users/ribamarmjs/version-control/titanium/PROJETO_IGARASSU/Resources/iphone/alloy/underscore.js => /Users/ribamarmjs/version-control/titanium/PROJETO_IGARASSU/build/iphone/build/Products/Debug-iphonesimulator/Igarassu.app/alloy/underscore.js
[DEBUG]  Overwriting /Users/ribamarmjs/version-control/titanium/PROJETO_IGARASSU/Resources/iphone/alloy/widget.js => /Users/ribamarmjs/version-control/titanium/PROJETO_IGARASSU/build/iphone/build/Products/Debug-iphonesimulator/Igarassu.app/alloy/widget.js
[DEBUG]  Overwriting /Users/ribamarmjs/version-control/titanium/PROJETO_IGARASSU/Resources/iphone/alloy.js => /Users/ribamarmjs/version-control/titanium/PROJETO_IGARASSU/build/iphone/build/Products/Debug-iphonesimulator/Igarassu.app/alloy.js
[DEBUG]  Overwriting /Users/ribamarmjs/version-control/titanium/PROJETO_IGARASSU/Resources/iphone/ui.js => /Users/ribamarmjs/version-control/titanium/PROJETO_IGARASSU/build/iphone/build/Products/Debug-iphonesimulator/Igarassu.app/ui.js
[INFO]   Writing app properties
[TRACE]  No change, skipping /Users/ribamarmjs/version-control/titanium/PROJETO_IGARASSU/build/iphone/build/Products/Debug-iphonesimulator/Igarassu.app/_app_props_.json
[DEBUG]  Using default application routing
[TRACE]  No change, skipping /Users/ribamarmjs/version-control/titanium/PROJETO_IGARASSU/build/iphone/Classes/ApplicationRouting.m
[INFO]   Writing i18n files
[DEBUG]  Compiling localization files
[DEBUG]  Processing i18n file: en/strings.xml
[DEBUG]  Processing i18n file: pt-BR/strings.xml
[TRACE]  No change, skipping /Users/ribamarmjs/version-control/titanium/PROJETO_IGARASSU/build/iphone/build/Products/Debug-iphonesimulator/Igarassu.app/en.lproj/Localizable.strings
[TRACE]  No change, skipping /Users/ribamarmjs/version-control/titanium/PROJETO_IGARASSU/build/iphone/build/Products/Debug-iphonesimulator/Igarassu.app/pt-BR.lproj/Localizable.strings
[INFO]   Processing Titanium symbols
[DEBUG]  Processing Titanium namespace resources
[TRACE]  No change, skipping /Users/ribamarmjs/version-control/titanium/PROJETO_IGARASSU/build/iphone/build/Products/Debug-iphonesimulator/Igarassu.app/modules/ui/images/badge.png
[TRACE]  No change, skipping /Users/ribamarmjs/version-control/titanium/PROJETO_IGARASSU/build/iphone/build/Products/Debug-iphonesimulator/Igarassu.app/modules/ui/images/closeButton.png
[TRACE]  No change, skipping /Users/ribamarmjs/version-control/titanium/PROJETO_IGARASSU/build/iphone/build/Products/Debug-iphonesimulator/Igarassu.app/modules/ui/images/photoDefault.png
[TRACE]  No change, skipping /Users/ribamarmjs/version-control/titanium/PROJETO_IGARASSU/build/iphone/Classes/defines.h
[INFO]   Removing files
[DEBUG]  Removing empty directories
[INFO]   Skipping xcodebuild
[INFO]   Finished building the application in 2s 636ms
[INFO]   Launching iOS Simulator
[TRACE]  [ioslib] Selected iOS Simulator: iPhone 7 Plus
[TRACE]  [ioslib]   UDID    = 5CB180AF-73EF-4B29-9995-A852108E3EF2
[TRACE]  [ioslib]   iOS     = 10.1
[TRACE]  [ioslib] Autoselected Xcode: 8.1
[TRACE]  [ioslib] Tailing iPhone 7 Plus Simulator system log: /Users/ribamarmjs/Library/Logs/CoreSimulator/5CB180AF-73EF-4B29-9995-A852108E3EF2/system.log
[TRACE]  [ioslib] Running: /Applications/Xcode.app/Contents/Developer/usr/bin/simctl shutdown 5CB180AF-73EF-4B29-9995-A852108E3EF2
[TRACE]  [ioslib] iPhone 7 Plus Simulator was already shutdown
[TRACE]  [ioslib] Running: /Applications/Xcode.app/Contents/Developer/Applications/Simulator.app/Contents/MacOS/Simulator -CurrentDeviceUDID 5CB180AF-73EF-4B29-9995-A852108E3EF2
[TRACE]  [ioslib] iPhone 7 Plus Simulator started
[TRACE]  [ioslib] Running: osascript "/Users/ribamarmjs/Library/Application Support/Titanium/mobilesdk/osx/6.0.0.GA/node_modules/ioslib/lib/sim_focus.scpt" "Simulator"
[TRACE]  [ioslib] iPhone 7 Plus Simulator successfully focused
[TRACE]  [ioslib] Running: /Applications/Xcode.app/Contents/Developer/usr/bin/simctl install 5CB180AF-73EF-4B29-9995-A852108E3EF2 /Users/ribamarmjs/version-control/titanium/PROJETO_IGARASSU/build/iphone/build/Products/Debug-iphonesimulator/Igarassu.app
[TRACE]  [ioslib] App installed
[TRACE]  [ioslib] Running: /Applications/Xcode.app/Contents/Developer/usr/bin/simctl launch 5CB180AF-73EF-4B29-9995-A852108E3EF2 br.com.ribasoft
[TRACE]  [ioslib] App launched
[TRACE]  [ioslib] Trying to connect to log server port 45360...